[debug] [2026-04-29T13:08:36.872Z] ----------------------------------------------------------------------
[debug] [2026-04-29T13:08:36.879Z] Command:       C:\Program Files\nodejs\node.exe C:\Users\oxeer\AppData\Roaming\npm\node_modules\firebase-tools\lib\bin\firebase.js deploy --only functions
[debug] [2026-04-29T13:08:36.879Z] CLI Version:   15.15.0
[debug] [2026-04-29T13:08:36.879Z] Platform:      win32
[debug] [2026-04-29T13:08:36.879Z] Node Version:  v24.14.0
[debug] [2026-04-29T13:08:36.879Z] Time:          Wed Apr 29 2026 09:08:36 GMT-0400 (Horário Padrão do Amazonas)
[debug] [2026-04-29T13:08:36.879Z] ----------------------------------------------------------------------
[debug] 
[debug] [2026-04-29T13:08:38.397Z] > command requires scopes: ["email","openid","https://www.googleapis.com/auth/cloudplatformprojects.readonly","https://www.googleapis.com/auth/firebase","https://www.googleapis.com/auth/cloud-platform"]
[debug] [2026-04-29T13:08:38.397Z] > authorizing via signed-in user (contadoeros06@gmail.com)
[debug] [2026-04-29T13:08:38.398Z] [iam] checking project lauraflores-10360 for permissions ["cloudfunctions.functions.create","cloudfunctions.functions.delete","cloudfunctions.functions.get","cloudfunctions.functions.list","cloudfunctions.functions.update","cloudfunctions.operations.get","firebase.projects.get"]
[debug] [2026-04-29T13:08:38.399Z] Checked if tokens are valid: true, expires at: 1777471484785
[debug] [2026-04-29T13:08:38.399Z] Checked if tokens are valid: true, expires at: 1777471484785
[debug] [2026-04-29T13:08:38.399Z] >>> [apiv2][query] POST https://cloudresourcemanager.googleapis.com/v1/projects/lauraflores-10360:testIamPermissions [none]
[debug] [2026-04-29T13:08:38.399Z] >>> [apiv2][(partial)header] POST https://cloudresourcemanager.googleapis.com/v1/projects/lauraflores-10360:testIamPermissions  x-goog-user-project=lauraflores-10360
[debug] [2026-04-29T13:08:38.400Z] >>> [apiv2][body] POST https://cloudresourcemanager.googleapis.com/v1/projects/lauraflores-10360:testIamPermissions {"permissions":["cloudfunctions.functions.create","cloudfunctions.functions.delete","cloudfunctions.functions.get","cloudfunctions.functions.list","cloudfunctions.functions.update","cloudfunctions.operations.get","firebase.projects.get"]}
[debug] [2026-04-29T13:08:39.318Z] <<< [apiv2][status] POST https://cloudresourcemanager.googleapis.com/v1/projects/lauraflores-10360:testIamPermissions 200
[debug] [2026-04-29T13:08:39.318Z] <<< [apiv2][body] POST https://cloudresourcemanager.googleapis.com/v1/projects/lauraflores-10360:testIamPermissions {"permissions":["cloudfunctions.functions.create","cloudfunctions.functions.delete","cloudfunctions.functions.get","cloudfunctions.functions.list","cloudfunctions.functions.update","cloudfunctions.operations.get","firebase.projects.get"]}
[debug] [2026-04-29T13:08:39.318Z] Checked if tokens are valid: true, expires at: 1777471484785
[debug] [2026-04-29T13:08:39.318Z] Checked if tokens are valid: true, expires at: 1777471484785
[debug] [2026-04-29T13:08:39.318Z] >>> [apiv2][query] POST https://iam.googleapis.com/v1/projects/lauraflores-10360/serviceAccounts/lauraflores-10360@appspot.gserviceaccount.com:testIamPermissions [none]
[debug] [2026-04-29T13:08:39.318Z] >>> [apiv2][body] POST https://iam.googleapis.com/v1/projects/lauraflores-10360/serviceAccounts/lauraflores-10360@appspot.gserviceaccount.com:testIamPermissions {"permissions":["iam.serviceAccounts.actAs"]}
[debug] [2026-04-29T13:08:40.198Z] <<< [apiv2][status] POST https://iam.googleapis.com/v1/projects/lauraflores-10360/serviceAccounts/lauraflores-10360@appspot.gserviceaccount.com:testIamPermissions 200
[debug] [2026-04-29T13:08:40.198Z] <<< [apiv2][body] POST https://iam.googleapis.com/v1/projects/lauraflores-10360/serviceAccounts/lauraflores-10360@appspot.gserviceaccount.com:testIamPermissions {"permissions":["iam.serviceAccounts.actAs"]}
[info] 
[info] === Deploying to 'lauraflores-10360'...
[info] 
[info] i  deploying functions 
[debug] [2026-04-29T13:08:40.203Z] Checked if tokens are valid: true, expires at: 1777471484785
[debug] [2026-04-29T13:08:40.203Z] Checked if tokens are valid: true, expires at: 1777471484785
[debug] [2026-04-29T13:08:40.203Z] >>> [apiv2][query] GET https://cloudresourcemanager.googleapis.com/v1/projects/lauraflores-10360 [none]
[debug] [2026-04-29T13:08:40.418Z] <<< [apiv2][status] GET https://cloudresourcemanager.googleapis.com/v1/projects/lauraflores-10360 200
[debug] [2026-04-29T13:08:40.418Z] <<< [apiv2][body] GET https://cloudresourcemanager.googleapis.com/v1/projects/lauraflores-10360 {"projectNumber":"1043899124552","projectId":"lauraflores-10360","lifecycleState":"ACTIVE","name":"Lauraflores","labels":{"firebase":"enabled","firebase-core":"disabled"},"createTime":"2026-04-21T17:08:37.312Z"}
[info] i  functions: preparing codebase default for deployment 
[info] i  functions: ensuring required API cloudfunctions.googleapis.com is enabled... 
[info] i  functions: ensuring required API cloudbuild.googleapis.com is enabled... 
[info] i  artifactregistry: ensuring required API artifactregistry.googleapis.com is enabled... 
[debug] [2026-04-29T13:08:40.420Z] Checked if tokens are valid: true, expires at: 1777471484785
[debug] [2026-04-29T13:08:40.420Z] Checked if tokens are valid: true, expires at: 1777471484785
[debug] [2026-04-29T13:08:40.421Z] >>> [apiv2][query] GET https://firebase.googleapis.com/v1beta1/projects/lauraflores-10360/adminSdkConfig [none]
[debug] [2026-04-29T13:08:41.047Z] <<< [apiv2][status] GET https://firebase.googleapis.com/v1beta1/projects/lauraflores-10360/adminSdkConfig 200
[debug] [2026-04-29T13:08:41.047Z] <<< [apiv2][body] GET https://firebase.googleapis.com/v1beta1/projects/lauraflores-10360/adminSdkConfig {"projectId":"lauraflores-10360","storageBucket":"lauraflores-10360.firebasestorage.app"}
[debug] [2026-04-29T13:08:41.047Z] Checked if tokens are valid: true, expires at: 1777471484785
[debug] [2026-04-29T13:08:41.047Z] Checked if tokens are valid: true, expires at: 1777471484785
[debug] [2026-04-29T13:08:41.048Z] >>> [apiv2][query] GET https://runtimeconfig.googleapis.com/v1beta1/projects/lauraflores-10360/configs [none]
[debug] [2026-04-29T13:08:41.450Z] <<< [apiv2][status] GET https://runtimeconfig.googleapis.com/v1beta1/projects/lauraflores-10360/configs 200
[debug] [2026-04-29T13:08:41.450Z] <<< [apiv2][body] GET https://runtimeconfig.googleapis.com/v1beta1/projects/lauraflores-10360/configs {}
[debug] [2026-04-29T13:08:41.453Z] Validating nodejs source
[warn] !  functions: Runtime Node.js 20 will be deprecated on 2026-04-30 and will be decommissioned on 2026-10-30, after which you will not be able to deploy without upgrading. Consider upgrading now to avoid disruption. See https://cloud.google.com/functions/docs/runtime-support for full details on the lifecycle policy 
[warn] !  functions: package.json indicates an outdated version of firebase-functions. Please upgrade using npm install --save firebase-functions@latest in your functions directory. 
[warn] !  functions: Please note that there will be breaking changes when you upgrade. 
[debug] [2026-04-29T13:08:42.466Z] > [functions] package.json contents: {
  "name": "functions",
  "description": "Cloud Functions for Laura Flores",
  "scripts": {
    "serve": "firebase serve --only functions",
    "shell": "firebase functions:shell",
    "start": "npm run shell",
    "deploy": "firebase deploy --only functions",
    "logs": "firebase functions:log"
  },
  "engines": {
    "node": "20"
  },
  "main": "index.js",
  "dependencies": {
    "firebase-admin": "^12.0.0",
    "firebase-functions": "^4.5.0",
    "googleapis": "^134.0.0"
  },
  "devDependencies": {
    "firebase-functions-test": "^3.1.0"
  },
  "private": true
}
[debug] [2026-04-29T13:08:42.466Z] Building nodejs source
[info] i  functions: Loading and analyzing source code for codebase default to determine what to deploy 
[info] i  functions: You are using a version of firebase-functions SDK (4.9.0) that does not have support for the newest Firebase Extensions features. Please update firebase-functions SDK to >=5.1.0 to use them correctly 
[debug] [2026-04-29T13:08:42.467Z] Could not find functions.yaml. Must use http discovery
[debug] [2026-04-29T13:08:42.478Z] Found firebase-functions binary at 'C:\Users\oxeer\OneDrive\Área de Trabalho\Antigravity\Laura Flores\functions\node_modules\.bin\firebase-functions'
[info] Serving at port 8240

[debug] [2026-04-29T13:08:44.193Z] Got response from /__/functions.yaml {"endpoints":{"syncAppointmentToCalendar":{"platform":"gcfv1","availableMemoryMb":null,"timeoutSeconds":null,"minInstances":null,"maxInstances":null,"ingressSettings":null,"serviceAccountEmail":null,"vpc":null,"eventTrigger":{"eventType":"providers/cloud.firestore/eventTypes/document.create","eventFilters":{"resource":"projects/lauraflores-10360/databases/(default)/documents/appointments/{appointmentId}"},"retry":false},"labels":{},"entryPoint":"syncAppointmentToCalendar"}},"specVersion":"v1alpha1","requiredAPIs":[]}
[info] i  functions: preparing functions directory for uploading... 
[info] i  functions: packaged C:\Users\oxeer\OneDrive\Área de Trabalho\Antigravity\Laura Flores\functions (71.41 KB) for uploading 
[debug] [2026-04-29T13:08:48.257Z] Checked if tokens are valid: true, expires at: 1777471484785
[debug] [2026-04-29T13:08:48.257Z] Checked if tokens are valid: true, expires at: 1777471484785
[debug] [2026-04-29T13:08:48.257Z] >>> [apiv2][query] GET https://cloudfunctions.googleapis.com/v1/projects/lauraflores-10360/locations/-/functions [none]
[debug] [2026-04-29T13:08:49.461Z] <<< [apiv2][status] GET https://cloudfunctions.googleapis.com/v1/projects/lauraflores-10360/locations/-/functions 200
[debug] [2026-04-29T13:08:49.462Z] <<< [apiv2][body] GET https://cloudfunctions.googleapis.com/v1/projects/lauraflores-10360/locations/-/functions {}
[debug] [2026-04-29T13:08:49.462Z] Checked if tokens are valid: true, expires at: 1777471484785
[debug] [2026-04-29T13:08:49.462Z] Checked if tokens are valid: true, expires at: 1777471484785
[debug] [2026-04-29T13:08:49.463Z] >>> [apiv2][query] GET https://cloudfunctions.googleapis.com/v2/projects/lauraflores-10360/locations/-/functions filter=environment%3D%22GEN_2%22
[debug] [2026-04-29T13:08:50.820Z] <<< [apiv2][status] GET https://cloudfunctions.googleapis.com/v2/projects/lauraflores-10360/locations/-/functions 200
[debug] [2026-04-29T13:08:50.820Z] <<< [apiv2][body] GET https://cloudfunctions.googleapis.com/v2/projects/lauraflores-10360/locations/-/functions {}
[debug] [2026-04-29T13:08:50.822Z] Checked if tokens are valid: true, expires at: 1777471484785
[debug] [2026-04-29T13:08:50.822Z] Checked if tokens are valid: true, expires at: 1777471484785
[debug] [2026-04-29T13:08:50.822Z] >>> [apiv2][query] GET https://cloudresourcemanager.googleapis.com/v1/projects/lauraflores-10360 [none]
[debug] [2026-04-29T13:08:51.746Z] <<< [apiv2][status] GET https://cloudresourcemanager.googleapis.com/v1/projects/lauraflores-10360 200
[debug] [2026-04-29T13:08:51.746Z] <<< [apiv2][body] GET https://cloudresourcemanager.googleapis.com/v1/projects/lauraflores-10360 {"projectNumber":"1043899124552","projectId":"lauraflores-10360","lifecycleState":"ACTIVE","name":"Lauraflores","labels":{"firebase":"enabled","firebase-core":"disabled"},"createTime":"2026-04-21T17:08:37.312Z"}
[debug] [2026-04-29T13:08:51.747Z] Checked if tokens are valid: true, expires at: 1777471484785
[debug] [2026-04-29T13:08:51.747Z] Checked if tokens are valid: true, expires at: 1777471484785
[debug] [2026-04-29T13:08:51.747Z] >>> [apiv2][query] POST https://cloudfunctions.googleapis.com/v1/projects/lauraflores-10360/locations/us-central1/functions:generateUploadUrl [none]
[debug] [2026-04-29T13:08:51.747Z] >>> [apiv2][body] POST https://cloudfunctions.googleapis.com/v1/projects/lauraflores-10360/locations/us-central1/functions:generateUploadUrl {}
[debug] [2026-04-29T13:09:06.392Z] <<< [apiv2][status] POST https://cloudfunctions.googleapis.com/v1/projects/lauraflores-10360/locations/us-central1/functions:generateUploadUrl 200
[debug] [2026-04-29T13:09:06.392Z] <<< [apiv2][body] POST https://cloudfunctions.googleapis.com/v1/projects/lauraflores-10360/locations/us-central1/functions:generateUploadUrl {"uploadUrl":"https://storage.googleapis.com/uploads-526749953630.us-central1.cloudfunctions.appspot.com/e798bf3b-7c80-4893-b60d-2e767b66811b.zip?GoogleAccessId=service-1043899124552@gcf-admin-robot.iam.gserviceaccount.com&Expires=1777469946&Signature=ZPH8sDi%2FcfHmuiIaHffMdpL7TfdMvcrBXl9O%2BwGlmUnTLrjRCiP%2Buhj9uJaaaZhnkunuHYvShQvP3GsYH9ggygjUYozGYuMkTTeSNf4zo7WwqOGGq49VyxmC8EeoZrE2xU%2F%2FhiCBhUen0q%2BmHHxOjIlx3vSZKUfjsGcC5bCeTW8XCQnHv6QJ3Tjtm%2BJoe0o8VdfpWDvMrV5RoaHbm2nHnjUCo43xvYBuuvX2tNRFjA7jXT3qXtD3UOEMm2a%2B5lwLIfdeNGnqOhm4qSIYu7s3tUZyRMV6nnflYHtAT6tHgekeP3IkB4GMu0bZrtyzYs8jQCLyuILaqKQ%2FudXi1L%2BmfQ%3D%3D"}
[debug] [2026-04-29T13:09:06.393Z] >>> [apiv2][query] PUT https://storage.googleapis.com/uploads-526749953630.us-central1.cloudfunctions.appspot.com/e798bf3b-7c80-4893-b60d-2e767b66811b.zip GoogleAccessId=service-1043899124552%40gcf-admin-robot.iam.gserviceaccount.com&Expires=1777469946&Signature=ZPH8sDi%2FcfHmuiIaHffMdpL7TfdMvcrBXl9O%2BwGlmUnTLrjRCiP%2Buhj9uJaaaZhnkunuHYvShQvP3GsYH9ggygjUYozGYuMkTTeSNf4zo7WwqOGGq49VyxmC8EeoZrE2xU%2F%2FhiCBhUen0q%2BmHHxOjIlx3vSZKUfjsGcC5bCeTW8XCQnHv6QJ3Tjtm%2BJoe0o8VdfpWDvMrV5RoaHbm2nHnjUCo43xvYBuuvX2tNRFjA7jXT3qXtD3UOEMm2a%2B5lwLIfdeNGnqOhm4qSIYu7s3tUZyRMV6nnflYHtAT6tHgekeP3IkB4GMu0bZrtyzYs8jQCLyuILaqKQ%2FudXi1L%2BmfQ%3D%3D
[debug] [2026-04-29T13:09:06.393Z] >>> [apiv2][body] PUT https://storage.googleapis.com/uploads-526749953630.us-central1.cloudfunctions.appspot.com/e798bf3b-7c80-4893-b60d-2e767b66811b.zip [stream]
[debug] [2026-04-29T13:09:07.335Z] <<< [apiv2][status] PUT https://storage.googleapis.com/uploads-526749953630.us-central1.cloudfunctions.appspot.com/e798bf3b-7c80-4893-b60d-2e767b66811b.zip 200
[debug] [2026-04-29T13:09:07.335Z] <<< [apiv2][body] PUT https://storage.googleapis.com/uploads-526749953630.us-central1.cloudfunctions.appspot.com/e798bf3b-7c80-4893-b60d-2e767b66811b.zip [omitted]
[info] +  functions: functions source uploaded successfully 
[info] i  functions: creating Node.js 20 (1st Gen) function syncAppointmentToCalendar(us-central1)... 
[debug] [2026-04-29T13:09:07.338Z] Checked if tokens are valid: true, expires at: 1777471484785
[debug] [2026-04-29T13:09:07.338Z] Checked if tokens are valid: true, expires at: 1777471484785
[debug] [2026-04-29T13:09:07.338Z] >>> [apiv2][query] POST https://cloudfunctions.googleapis.com/v1/projects/lauraflores-10360/locations/us-central1/functions [none]
[debug] [2026-04-29T13:09:07.338Z] >>> [apiv2][body] POST https://cloudfunctions.googleapis.com/v1/projects/lauraflores-10360/locations/us-central1/functions {"name":"projects/lauraflores-10360/locations/us-central1/functions/syncAppointmentToCalendar","sourceUploadUrl":"https://storage.googleapis.com/uploads-526749953630.us-central1.cloudfunctions.appspot.com/e798bf3b-7c80-4893-b60d-2e767b66811b.zip?GoogleAccessId=service-1043899124552@gcf-admin-robot.iam.gserviceaccount.com&Expires=1777469946&Signature=ZPH8sDi%2FcfHmuiIaHffMdpL7TfdMvcrBXl9O%2BwGlmUnTLrjRCiP%2Buhj9uJaaaZhnkunuHYvShQvP3GsYH9ggygjUYozGYuMkTTeSNf4zo7WwqOGGq49VyxmC8EeoZrE2xU%2F%2FhiCBhUen0q%2BmHHxOjIlx3vSZKUfjsGcC5bCeTW8XCQnHv6QJ3Tjtm%2BJoe0o8VdfpWDvMrV5RoaHbm2nHnjUCo43xvYBuuvX2tNRFjA7jXT3qXtD3UOEMm2a%2B5lwLIfdeNGnqOhm4qSIYu7s3tUZyRMV6nnflYHtAT6tHgekeP3IkB4GMu0bZrtyzYs8jQCLyuILaqKQ%2FudXi1L%2BmfQ%3D%3D","entryPoint":"syncAppointmentToCalendar","runtime":"nodejs20","dockerRegistry":"ARTIFACT_REGISTRY","labels":{"deployment-tool":"cli-firebase","firebase-functions-hash":"c0384a50754c871d2d3b6d3eb706614bf744668b"},"eventTrigger":{"eventType":"providers/cloud.firestore/eventTypes/document.create","resource":"projects/lauraflores-10360/databases/(default)/documents/appointments/{appointmentId}"},"minInstances":null,"maxInstances":null,"ingressSettings":null,"environmentVariables":{"FIREBASE_CONFIG":"{\"projectId\":\"lauraflores-10360\",\"storageBucket\":\"lauraflores-10360.firebasestorage.app\"}","GCLOUD_PROJECT":"lauraflores-10360","EVENTARC_CLOUD_EVENT_SOURCE":"projects/lauraflores-10360/locations/us-central1/functions/syncAppointmentToCalendar"},"serviceAccountEmail":null,"availableMemoryMb":null,"timeout":null,"vpcConnector":null,"vpcConnectorEgressSettings":null,"buildEnvironmentVariables":{"GOOGLE_NODE_RUN_SCRIPTS":""}}
[debug] [2026-04-29T13:09:10.419Z] <<< [apiv2][status] POST https://cloudfunctions.googleapis.com/v1/projects/lauraflores-10360/locations/us-central1/functions 400
[debug] [2026-04-29T13:09:10.420Z] <<< [apiv2][body] POST https://cloudfunctions.googleapis.com/v1/projects/lauraflores-10360/locations/us-central1/functions {"error":{"code":400,"message":"Failed to create 1st Gen function projects/lauraflores-10360/locations/us-central1/functions/syncAppointmentToCalendar: Default service account '1043899124552-compute@developer.gserviceaccount.com' doesn't exist. Please recreate this account or specify a different account. Please visit https://cloud.google.com/functions/docs/troubleshooting for in-depth troubleshooting documentation.","status":"FAILED_PRECONDITION"}}
[warn] !  functions: failed to create function projects/lauraflores-10360/locations/us-central1/functions/syncAppointmentToCalendar 
[error] Failed to create function projects/lauraflores-10360/locations/us-central1/functions/syncAppointmentToCalendar
[warn] !  functions: Deploys failed. Skipping deletes. 
[debug] [2026-04-29T13:09:10.424Z] Total Function Deployment time: 3084
[debug] [2026-04-29T13:09:10.425Z] 1 Functions Deployed
[debug] [2026-04-29T13:09:10.425Z] 1 Functions Errored
[debug] [2026-04-29T13:09:10.425Z] 0 Function Deployments Aborted
[debug] [2026-04-29T13:09:10.425Z] Average Function Deployment time: 3083
[info] 
[info] Functions deploy had errors with the following functions:
	syncAppointmentToCalendar(us-central1)
[debug] [2026-04-29T13:09:10.632Z] Checked if tokens are valid: true, expires at: 1777471484785
[debug] [2026-04-29T13:09:10.632Z] Checked if tokens are valid: true, expires at: 1777471484785
[debug] [2026-04-29T13:09:10.632Z] >>> [apiv2][query] GET https://artifactregistry.googleapis.com/v1/projects/lauraflores-10360/locations/us-central1/repositories/gcf-artifacts [none]
[debug] [2026-04-29T13:09:11.973Z] <<< [apiv2][status] GET https://artifactregistry.googleapis.com/v1/projects/lauraflores-10360/locations/us-central1/repositories/gcf-artifacts 404
[debug] [2026-04-29T13:09:11.973Z] <<< [apiv2][body] GET https://artifactregistry.googleapis.com/v1/projects/lauraflores-10360/locations/us-central1/repositories/gcf-artifacts {"error":{"code":404,"message":"Requested entity was not found.","status":"NOT_FOUND"}}
[debug] [2026-04-29T13:09:11.973Z] Failed to check artifact cleanup policy for region us-central1: Request to https://artifactregistry.googleapis.com/v1/projects/lauraflores-10360/locations/us-central1/repositories/gcf-artifacts had HTTP Error: 404, Requested entity was not found. {"name":"FirebaseError","children":[],"context":{"body":{"error":{"code":404,"message":"Requested entity was not found.","status":"NOT_FOUND"}},"response":{"statusCode":404}},"exit":1,"message":"Request to https://artifactregistry.googleapis.com/v1/projects/lauraflores-10360/locations/us-central1/repositories/gcf-artifacts had HTTP Error: 404, Requested entity was not found.","status":404}
[debug] [2026-04-29T13:09:11.973Z] Functions deploy failed.
[debug] [2026-04-29T13:09:11.973Z] {
  "endpoint": {
    "id": "syncAppointmentToCalendar",
    "project": "lauraflores-10360",
    "region": "us-central1",
    "entryPoint": "syncAppointmentToCalendar",
    "platform": "gcfv1",
    "runtime": "nodejs20",
    "eventTrigger": {
      "eventType": "providers/cloud.firestore/eventTypes/document.create",
      "retry": false,
      "eventFilters": {
        "resource": "projects/lauraflores-10360/databases/(default)/documents/appointments/{appointmentId}"
      }
    },
    "labels": {
      "deployment-tool": "cli-firebase"
    },
    "serviceAccount": null,
    "ingressSettings": null,
    "availableMemoryMb": null,
    "timeoutSeconds": null,
    "maxInstances": null,
    "minInstances": null,
    "vpc": null,
    "environmentVariables": {
      "FIREBASE_CONFIG": "{\"projectId\":\"lauraflores-10360\",\"storageBucket\":\"lauraflores-10360.firebasestorage.app\"}",
      "GCLOUD_PROJECT": "lauraflores-10360",
      "EVENTARC_CLOUD_EVENT_SOURCE": "projects/lauraflores-10360/locations/us-central1/functions/syncAppointmentToCalendar"
    },
    "codebase": "default",
    "targetedByOnly": false,
    "hash": "c0384a50754c871d2d3b6d3eb706614bf744668b"
  },
  "op": "create",
  "original": {
    "name": "FirebaseError",
    "children": [],
    "context": {
      "function": "projects/lauraflores-10360/locations/us-central1/functions/syncAppointmentToCalendar"
    },
    "exit": 1,
    "message": "Failed to create function projects/lauraflores-10360/locations/us-central1/functions/syncAppointmentToCalendar",
    "original": {
      "name": "FirebaseError",
      "children": [],
      "context": {
        "body": {
          "error": {
            "code": 400,
            "message": "Failed to create 1st Gen function projects/lauraflores-10360/locations/us-central1/functions/syncAppointmentToCalendar: Default service account '1043899124552-compute@developer.gserviceaccount.com' doesn't exist. Please recreate this account or specify a different account. Please visit https://cloud.google.com/functions/docs/troubleshooting for in-depth troubleshooting documentation.",
            "status": "FAILED_PRECONDITION"
          }
        },
        "response": {
          "statusCode": 400
        }
      },
      "exit": 1,
      "message": "Request to https://cloudfunctions.googleapis.com/v1/projects/lauraflores-10360/locations/us-central1/functions had HTTP Error: 400, Failed to create 1st Gen function projects/lauraflores-10360/locations/us-central1/functions/syncAppointmentToCalendar: Default service account '1043899124552-compute@developer.gserviceaccount.com' doesn't exist. Please recreate this account or specify a different account. Please visit https://cloud.google.com/functions/docs/troubleshooting for in-depth troubleshooting documentation.",
      "status": 400
    },
    "status": 400,
    "code": 400
  }
}
[debug] [2026-04-29T13:09:12.053Z] Error: Failed to create function syncAppointmentToCalendar in region us-central1
    at C:\Users\oxeer\AppData\Roaming\npm\node_modules\firebase-tools\lib\deploy\functions\release\fabricator.js:54:11
    at process.processTicksAndRejections (node:internal/process/task_queues:104:5)
    at async Fabricator.createV1Function (C:\Users\oxeer\AppData\Roaming\npm\node_modules\firebase-tools\lib\deploy\functions\release\fabricator.js:207:32)
    at async Fabricator.createEndpoint (C:\Users\oxeer\AppData\Roaming\npm\node_modules\firebase-tools\lib\deploy\functions\release\fabricator.js:150:13)
    at async Fabricator.wrapOperation (C:\Users\oxeer\AppData\Roaming\npm\node_modules\firebase-tools\lib\deploy\functions\release\fabricator.js:138:13)
    at async Promise.all (index 0)
    at async Promise.allSettled (index 0)
    at async Fabricator.applyPlan (C:\Users\oxeer\AppData\Roaming\npm\node_modules\firebase-tools\lib\deploy\functions\release\fabricator.js:77:45)
    at async release (C:\Users\oxeer\AppData\Roaming\npm\node_modules\firebase-tools\lib\deploy\functions\release\index.js:87:21)
    at async chain (C:\Users\oxeer\AppData\Roaming\npm\node_modules\firebase-tools\lib\deploy\index.js:45:9)
[error] 
[error] Error: There was an error deploying functions
[debug] [2026-04-29T13:10:03.124Z] ----------------------------------------------------------------------
[debug] [2026-04-29T13:10:03.126Z] Command:       C:\Program Files\nodejs\node.exe C:\Users\oxeer\AppData\Roaming\npm\node_modules\firebase-tools\lib\bin\firebase.js deploy --only functions --debug
[debug] [2026-04-29T13:10:03.126Z] CLI Version:   15.15.0
[debug] [2026-04-29T13:10:03.126Z] Platform:      win32
[debug] [2026-04-29T13:10:03.127Z] Node Version:  v24.14.0
[debug] [2026-04-29T13:10:03.127Z] Time:          Wed Apr 29 2026 09:10:03 GMT-0400 (Horário Padrão do Amazonas)
[debug] [2026-04-29T13:10:03.127Z] ----------------------------------------------------------------------
[debug] 
[debug] [2026-04-29T13:10:04.231Z] > command requires scopes: ["email","openid","https://www.googleapis.com/auth/cloudplatformprojects.readonly","https://www.googleapis.com/auth/firebase","https://www.googleapis.com/auth/cloud-platform"]
[debug] [2026-04-29T13:10:04.231Z] > authorizing via signed-in user (contadoeros06@gmail.com)
[debug] [2026-04-29T13:10:04.231Z] [iam] checking project lauraflores-10360 for permissions ["cloudfunctions.functions.create","cloudfunctions.functions.delete","cloudfunctions.functions.get","cloudfunctions.functions.list","cloudfunctions.functions.update","cloudfunctions.operations.get","firebase.projects.get"]
[debug] [2026-04-29T13:10:04.232Z] Checked if tokens are valid: true, expires at: 1777471484785
[debug] [2026-04-29T13:10:04.232Z] Checked if tokens are valid: true, expires at: 1777471484785
[debug] [2026-04-29T13:10:04.233Z] >>> [apiv2][query] POST https://cloudresourcemanager.googleapis.com/v1/projects/lauraflores-10360:testIamPermissions [none]
[debug] [2026-04-29T13:10:04.233Z] >>> [apiv2][(partial)header] POST https://cloudresourcemanager.googleapis.com/v1/projects/lauraflores-10360:testIamPermissions  x-goog-user-project=lauraflores-10360
[debug] [2026-04-29T13:10:04.234Z] >>> [apiv2][body] POST https://cloudresourcemanager.googleapis.com/v1/projects/lauraflores-10360:testIamPermissions {"permissions":["cloudfunctions.functions.create","cloudfunctions.functions.delete","cloudfunctions.functions.get","cloudfunctions.functions.list","cloudfunctions.functions.update","cloudfunctions.operations.get","firebase.projects.get"]}
[debug] [2026-04-29T13:10:05.282Z] <<< [apiv2][status] POST https://cloudresourcemanager.googleapis.com/v1/projects/lauraflores-10360:testIamPermissions 200
[debug] [2026-04-29T13:10:05.282Z] <<< [apiv2][body] POST https://cloudresourcemanager.googleapis.com/v1/projects/lauraflores-10360:testIamPermissions {"permissions":["cloudfunctions.functions.create","cloudfunctions.functions.delete","cloudfunctions.functions.get","cloudfunctions.functions.list","cloudfunctions.functions.update","cloudfunctions.operations.get","firebase.projects.get"]}
[debug] [2026-04-29T13:10:05.283Z] Checked if tokens are valid: true, expires at: 1777471484785
[debug] [2026-04-29T13:10:05.283Z] Checked if tokens are valid: true, expires at: 1777471484785
[debug] [2026-04-29T13:10:05.283Z] >>> [apiv2][query] POST https://iam.googleapis.com/v1/projects/lauraflores-10360/serviceAccounts/lauraflores-10360@appspot.gserviceaccount.com:testIamPermissions [none]
[debug] [2026-04-29T13:10:05.283Z] >>> [apiv2][body] POST https://iam.googleapis.com/v1/projects/lauraflores-10360/serviceAccounts/lauraflores-10360@appspot.gserviceaccount.com:testIamPermissions {"permissions":["iam.serviceAccounts.actAs"]}
[debug] [2026-04-29T13:10:06.317Z] <<< [apiv2][status] POST https://iam.googleapis.com/v1/projects/lauraflores-10360/serviceAccounts/lauraflores-10360@appspot.gserviceaccount.com:testIamPermissions 200
[debug] [2026-04-29T13:10:06.318Z] <<< [apiv2][body] POST https://iam.googleapis.com/v1/projects/lauraflores-10360/serviceAccounts/lauraflores-10360@appspot.gserviceaccount.com:testIamPermissions {"permissions":["iam.serviceAccounts.actAs"]}
[info] 
[info] === Deploying to 'lauraflores-10360'...
[info] 
[info] i  deploying functions 
[debug] [2026-04-29T13:10:06.320Z] Checked if tokens are valid: true, expires at: 1777471484785
[debug] [2026-04-29T13:10:06.320Z] Checked if tokens are valid: true, expires at: 1777471484785
[debug] [2026-04-29T13:10:06.320Z] >>> [apiv2][query] GET https://cloudresourcemanager.googleapis.com/v1/projects/lauraflores-10360 [none]
[debug] [2026-04-29T13:10:06.546Z] <<< [apiv2][status] GET https://cloudresourcemanager.googleapis.com/v1/projects/lauraflores-10360 200
[debug] [2026-04-29T13:10:06.546Z] <<< [apiv2][body] GET https://cloudresourcemanager.googleapis.com/v1/projects/lauraflores-10360 {"projectNumber":"1043899124552","projectId":"lauraflores-10360","lifecycleState":"ACTIVE","name":"Lauraflores","labels":{"firebase":"enabled","firebase-core":"disabled"},"createTime":"2026-04-21T17:08:37.312Z"}
[info] i  functions: preparing codebase default for deployment 
[info] i  functions: ensuring required API cloudfunctions.googleapis.com is enabled... 
[info] i  functions: ensuring required API cloudbuild.googleapis.com is enabled... 
[info] i  artifactregistry: ensuring required API artifactregistry.googleapis.com is enabled... 
[debug] [2026-04-29T13:10:06.547Z] Checked if tokens are valid: true, expires at: 1777471484785
[debug] [2026-04-29T13:10:06.547Z] Checked if tokens are valid: true, expires at: 1777471484785
[debug] [2026-04-29T13:10:06.547Z] >>> [apiv2][query] GET https://firebase.googleapis.com/v1beta1/projects/lauraflores-10360/adminSdkConfig [none]
[debug] [2026-04-29T13:10:07.192Z] <<< [apiv2][status] GET https://firebase.googleapis.com/v1beta1/projects/lauraflores-10360/adminSdkConfig 200
[debug] [2026-04-29T13:10:07.193Z] <<< [apiv2][body] GET https://firebase.googleapis.com/v1beta1/projects/lauraflores-10360/adminSdkConfig {"projectId":"lauraflores-10360","storageBucket":"lauraflores-10360.firebasestorage.app"}
[debug] [2026-04-29T13:10:07.193Z] Checked if tokens are valid: true, expires at: 1777471484785
[debug] [2026-04-29T13:10:07.193Z] Checked if tokens are valid: true, expires at: 1777471484785
[debug] [2026-04-29T13:10:07.193Z] >>> [apiv2][query] GET https://runtimeconfig.googleapis.com/v1beta1/projects/lauraflores-10360/configs [none]
[debug] [2026-04-29T13:10:07.812Z] <<< [apiv2][status] GET https://runtimeconfig.googleapis.com/v1beta1/projects/lauraflores-10360/configs 200
[debug] [2026-04-29T13:10:07.812Z] <<< [apiv2][body] GET https://runtimeconfig.googleapis.com/v1beta1/projects/lauraflores-10360/configs {}
[debug] [2026-04-29T13:10:07.813Z] Validating nodejs source
[warn] !  functions: Runtime Node.js 20 will be deprecated on 2026-04-30 and will be decommissioned on 2026-10-30, after which you will not be able to deploy without upgrading. Consider upgrading now to avoid disruption. See https://cloud.google.com/functions/docs/runtime-support for full details on the lifecycle policy 
[warn] !  functions: package.json indicates an outdated version of firebase-functions. Please upgrade using npm install --save firebase-functions@latest in your functions directory. 
[warn] !  functions: Please note that there will be breaking changes when you upgrade. 
[debug] [2026-04-29T13:10:08.636Z] > [functions] package.json contents: {
  "name": "functions",
  "description": "Cloud Functions for Laura Flores",
  "scripts": {
    "serve": "firebase serve --only functions",
    "shell": "firebase functions:shell",
    "start": "npm run shell",
    "deploy": "firebase deploy --only functions",
    "logs": "firebase functions:log"
  },
  "engines": {
    "node": "20"
  },
  "main": "index.js",
  "dependencies": {
    "firebase-admin": "^12.0.0",
    "firebase-functions": "^4.5.0",
    "googleapis": "^134.0.0"
  },
  "devDependencies": {
    "firebase-functions-test": "^3.1.0"
  },
  "private": true
}
[debug] [2026-04-29T13:10:08.636Z] Building nodejs source
[info] i  functions: Loading and analyzing source code for codebase default to determine what to deploy 
[info] i  functions: You are using a version of firebase-functions SDK (4.9.0) that does not have support for the newest Firebase Extensions features. Please update firebase-functions SDK to >=5.1.0 to use them correctly 
[debug] [2026-04-29T13:10:08.638Z] Could not find functions.yaml. Must use http discovery
[debug] [2026-04-29T13:10:08.647Z] Found firebase-functions binary at 'C:\Users\oxeer\OneDrive\Área de Trabalho\Antigravity\Laura Flores\functions\node_modules\.bin\firebase-functions'
[info] Serving at port 8537

[debug] [2026-04-29T13:10:09.821Z] Got response from /__/functions.yaml {"endpoints":{"syncAppointmentToCalendar":{"platform":"gcfv1","availableMemoryMb":null,"timeoutSeconds":null,"minInstances":null,"maxInstances":null,"ingressSettings":null,"serviceAccountEmail":null,"vpc":null,"eventTrigger":{"eventType":"providers/cloud.firestore/eventTypes/document.create","eventFilters":{"resource":"projects/lauraflores-10360/databases/(default)/documents/appointments/{appointmentId}"},"retry":false},"labels":{},"entryPoint":"syncAppointmentToCalendar"}},"specVersion":"v1alpha1","requiredAPIs":[]}
[info] i  functions: preparing functions directory for uploading... 
[info] i  functions: packaged C:\Users\oxeer\OneDrive\Área de Trabalho\Antigravity\Laura Flores\functions (71.41 KB) for uploading 
[debug] [2026-04-29T13:10:13.900Z] Checked if tokens are valid: true, expires at: 1777471484785
[debug] [2026-04-29T13:10:13.900Z] Checked if tokens are valid: true, expires at: 1777471484785
[debug] [2026-04-29T13:10:13.900Z] >>> [apiv2][query] GET https://cloudfunctions.googleapis.com/v1/projects/lauraflores-10360/locations/-/functions [none]
[debug] [2026-04-29T13:10:14.965Z] <<< [apiv2][status] GET https://cloudfunctions.googleapis.com/v1/projects/lauraflores-10360/locations/-/functions 200
[debug] [2026-04-29T13:10:14.965Z] <<< [apiv2][body] GET https://cloudfunctions.googleapis.com/v1/projects/lauraflores-10360/locations/-/functions {}
[debug] [2026-04-29T13:10:14.965Z] Checked if tokens are valid: true, expires at: 1777471484785
[debug] [2026-04-29T13:10:14.965Z] Checked if tokens are valid: true, expires at: 1777471484785
[debug] [2026-04-29T13:10:14.965Z] >>> [apiv2][query] GET https://cloudfunctions.googleapis.com/v2/projects/lauraflores-10360/locations/-/functions filter=environment%3D%22GEN_2%22
[debug] [2026-04-29T13:10:16.374Z] <<< [apiv2][status] GET https://cloudfunctions.googleapis.com/v2/projects/lauraflores-10360/locations/-/functions 200
[debug] [2026-04-29T13:10:16.374Z] <<< [apiv2][body] GET https://cloudfunctions.googleapis.com/v2/projects/lauraflores-10360/locations/-/functions {}
[debug] [2026-04-29T13:10:16.377Z] Checked if tokens are valid: true, expires at: 1777471484785
[debug] [2026-04-29T13:10:16.377Z] Checked if tokens are valid: true, expires at: 1777471484785
[debug] [2026-04-29T13:10:16.377Z] >>> [apiv2][query] GET https://cloudresourcemanager.googleapis.com/v1/projects/lauraflores-10360 [none]
[debug] [2026-04-29T13:10:17.297Z] <<< [apiv2][status] GET https://cloudresourcemanager.googleapis.com/v1/projects/lauraflores-10360 200
[debug] [2026-04-29T13:10:17.297Z] <<< [apiv2][body] GET https://cloudresourcemanager.googleapis.com/v1/projects/lauraflores-10360 {"projectNumber":"1043899124552","projectId":"lauraflores-10360","lifecycleState":"ACTIVE","name":"Lauraflores","labels":{"firebase":"enabled","firebase-core":"disabled"},"createTime":"2026-04-21T17:08:37.312Z"}
[debug] [2026-04-29T13:10:17.298Z] Checked if tokens are valid: true, expires at: 1777471484785
[debug] [2026-04-29T13:10:17.298Z] Checked if tokens are valid: true, expires at: 1777471484785
[debug] [2026-04-29T13:10:17.298Z] >>> [apiv2][query] POST https://cloudfunctions.googleapis.com/v1/projects/lauraflores-10360/locations/us-central1/functions:generateUploadUrl [none]
[debug] [2026-04-29T13:10:17.298Z] >>> [apiv2][body] POST https://cloudfunctions.googleapis.com/v1/projects/lauraflores-10360/locations/us-central1/functions:generateUploadUrl {}
[debug] [2026-04-29T13:10:18.911Z] <<< [apiv2][status] POST https://cloudfunctions.googleapis.com/v1/projects/lauraflores-10360/locations/us-central1/functions:generateUploadUrl 200
[debug] [2026-04-29T13:10:18.911Z] <<< [apiv2][body] POST https://cloudfunctions.googleapis.com/v1/projects/lauraflores-10360/locations/us-central1/functions:generateUploadUrl {"uploadUrl":"https://storage.googleapis.com/uploads-526749953630.us-central1.cloudfunctions.appspot.com/fb5498ed-9280-43b9-95f9-053e93472f53.zip?GoogleAccessId=service-1043899124552@gcf-admin-robot.iam.gserviceaccount.com&Expires=1777470018&Signature=UL5gys1qWukOwSWw85zSMpPUYJAgH%2Ba5s8EFFh2tw%2B9c2RNhVmdAm3%2BAfomln6d6N9H2iZG3brhHCzNOr1vI3UtOvb7hdqwhQ0OAmyVuNnDk0TFYvNm5ACttdp5anMjc8Igd3O69fMQTEzJin0dBJ8L6kgRNV%2F2LvPKbdaJWtfFoKsO%2BiRfA9YoDM%2FwOdcyl5kJSboP88kb0Xsk4W%2FW43JN0e1Ju%2BhOdMhxsxVUNWTpwgAAV8n8FCVnagYMfnCI%2BMq199w2LcfINBjhHKxXsOhwfKE9fvnxw7%2BzapL7MNOzbMv4yg9G4WUDhq1GeezXz4JjtNPaG3mmnFV0RY2u%2B%2Fw%3D%3D"}
[debug] [2026-04-29T13:10:18.912Z] >>> [apiv2][query] PUT https://storage.googleapis.com/uploads-526749953630.us-central1.cloudfunctions.appspot.com/fb5498ed-9280-43b9-95f9-053e93472f53.zip GoogleAccessId=service-1043899124552%40gcf-admin-robot.iam.gserviceaccount.com&Expires=1777470018&Signature=UL5gys1qWukOwSWw85zSMpPUYJAgH%2Ba5s8EFFh2tw%2B9c2RNhVmdAm3%2BAfomln6d6N9H2iZG3brhHCzNOr1vI3UtOvb7hdqwhQ0OAmyVuNnDk0TFYvNm5ACttdp5anMjc8Igd3O69fMQTEzJin0dBJ8L6kgRNV%2F2LvPKbdaJWtfFoKsO%2BiRfA9YoDM%2FwOdcyl5kJSboP88kb0Xsk4W%2FW43JN0e1Ju%2BhOdMhxsxVUNWTpwgAAV8n8FCVnagYMfnCI%2BMq199w2LcfINBjhHKxXsOhwfKE9fvnxw7%2BzapL7MNOzbMv4yg9G4WUDhq1GeezXz4JjtNPaG3mmnFV0RY2u%2B%2Fw%3D%3D
[debug] [2026-04-29T13:10:18.912Z] >>> [apiv2][body] PUT https://storage.googleapis.com/uploads-526749953630.us-central1.cloudfunctions.appspot.com/fb5498ed-9280-43b9-95f9-053e93472f53.zip [stream]
[debug] [2026-04-29T13:10:19.578Z] <<< [apiv2][status] PUT https://storage.googleapis.com/uploads-526749953630.us-central1.cloudfunctions.appspot.com/fb5498ed-9280-43b9-95f9-053e93472f53.zip 200
[debug] [2026-04-29T13:10:19.578Z] <<< [apiv2][body] PUT https://storage.googleapis.com/uploads-526749953630.us-central1.cloudfunctions.appspot.com/fb5498ed-9280-43b9-95f9-053e93472f53.zip [omitted]
[info] +  functions: functions source uploaded successfully 
[info] i  functions: creating Node.js 20 (1st Gen) function syncAppointmentToCalendar(us-central1)... 
[debug] [2026-04-29T13:10:19.580Z] Checked if tokens are valid: true, expires at: 1777471484785
[debug] [2026-04-29T13:10:19.580Z] Checked if tokens are valid: true, expires at: 1777471484785
[debug] [2026-04-29T13:10:19.581Z] >>> [apiv2][query] POST https://cloudfunctions.googleapis.com/v1/projects/lauraflores-10360/locations/us-central1/functions [none]
[debug] [2026-04-29T13:10:19.581Z] >>> [apiv2][body] POST https://cloudfunctions.googleapis.com/v1/projects/lauraflores-10360/locations/us-central1/functions {"name":"projects/lauraflores-10360/locations/us-central1/functions/syncAppointmentToCalendar","sourceUploadUrl":"https://storage.googleapis.com/uploads-526749953630.us-central1.cloudfunctions.appspot.com/fb5498ed-9280-43b9-95f9-053e93472f53.zip?GoogleAccessId=service-1043899124552@gcf-admin-robot.iam.gserviceaccount.com&Expires=1777470018&Signature=UL5gys1qWukOwSWw85zSMpPUYJAgH%2Ba5s8EFFh2tw%2B9c2RNhVmdAm3%2BAfomln6d6N9H2iZG3brhHCzNOr1vI3UtOvb7hdqwhQ0OAmyVuNnDk0TFYvNm5ACttdp5anMjc8Igd3O69fMQTEzJin0dBJ8L6kgRNV%2F2LvPKbdaJWtfFoKsO%2BiRfA9YoDM%2FwOdcyl5kJSboP88kb0Xsk4W%2FW43JN0e1Ju%2BhOdMhxsxVUNWTpwgAAV8n8FCVnagYMfnCI%2BMq199w2LcfINBjhHKxXsOhwfKE9fvnxw7%2BzapL7MNOzbMv4yg9G4WUDhq1GeezXz4JjtNPaG3mmnFV0RY2u%2B%2Fw%3D%3D","entryPoint":"syncAppointmentToCalendar","runtime":"nodejs20","dockerRegistry":"ARTIFACT_REGISTRY","labels":{"deployment-tool":"cli-firebase","firebase-functions-hash":"c0384a50754c871d2d3b6d3eb706614bf744668b"},"eventTrigger":{"eventType":"providers/cloud.firestore/eventTypes/document.create","resource":"projects/lauraflores-10360/databases/(default)/documents/appointments/{appointmentId}"},"minInstances":null,"maxInstances":null,"ingressSettings":null,"environmentVariables":{"FIREBASE_CONFIG":"{\"projectId\":\"lauraflores-10360\",\"storageBucket\":\"lauraflores-10360.firebasestorage.app\"}","GCLOUD_PROJECT":"lauraflores-10360","EVENTARC_CLOUD_EVENT_SOURCE":"projects/lauraflores-10360/locations/us-central1/functions/syncAppointmentToCalendar"},"serviceAccountEmail":null,"availableMemoryMb":null,"timeout":null,"vpcConnector":null,"vpcConnectorEgressSettings":null,"buildEnvironmentVariables":{"GOOGLE_NODE_RUN_SCRIPTS":""}}
[debug] [2026-04-29T13:10:20.653Z] <<< [apiv2][status] POST https://cloudfunctions.googleapis.com/v1/projects/lauraflores-10360/locations/us-central1/functions 200
[debug] [2026-04-29T13:10:20.653Z] <<< [apiv2][body] POST https://cloudfunctions.googleapis.com/v1/projects/lauraflores-10360/locations/us-central1/functions {"name":"operations/cHJvamVjdHMvbGF1cmFmbG9yZXMtMTAzNjAvbG9jYXRpb25zL3VzLWNlbnRyYWwxL29wZXJhdGlvbnMvb3BlcmF0aW9uLTE3Nzc0NjgyMjAxMTYtNjUwOTkxMWRjMGQwMS1lYWY4ZGQ5Ny04NjcyYmExMA","metadata":{"@type":"type.googleapis.com/google.cloud.functions.v1.OperationMetadataV1","target":"projects/lauraflores-10360/locations/us-central1/functions/syncAppointmentToCalendar","updateTime":"2026-04-29T13:10:20.548861899Z"}}
[debug] [2026-04-29T13:10:20.654Z] Checked if tokens are valid: true, expires at: 1777471484785
[debug] [2026-04-29T13:10:20.654Z] Checked if tokens are valid: true, expires at: 1777471484785
[debug] [2026-04-29T13:10:20.654Z] >>> [apiv2][query] GET https://cloudfunctions.googleapis.com/v1/operations/cHJvamVjdHMvbGF1cmFmbG9yZXMtMTAzNjAvbG9jYXRpb25zL3VzLWNlbnRyYWwxL29wZXJhdGlvbnMvb3BlcmF0aW9uLTE3Nzc0NjgyMjAxMTYtNjUwOTkxMWRjMGQwMS1lYWY4ZGQ5Ny04NjcyYmExMA [none]
[debug] [2026-04-29T13:10:21.806Z] <<< [apiv2][status] GET https://cloudfunctions.googleapis.com/v1/operations/cHJvamVjdHMvbGF1cmFmbG9yZXMtMTAzNjAvbG9jYXRpb25zL3VzLWNlbnRyYWwxL29wZXJhdGlvbnMvb3BlcmF0aW9uLTE3Nzc0NjgyMjAxMTYtNjUwOTkxMWRjMGQwMS1lYWY4ZGQ5Ny04NjcyYmExMA 200
[debug] [2026-04-29T13:10:21.806Z] <<< [apiv2][body] GET https://cloudfunctions.googleapis.com/v1/operations/cHJvamVjdHMvbGF1cmFmbG9yZXMtMTAzNjAvbG9jYXRpb25zL3VzLWNlbnRyYWwxL29wZXJhdGlvbnMvb3BlcmF0aW9uLTE3Nzc0NjgyMjAxMTYtNjUwOTkxMWRjMGQwMS1lYWY4ZGQ5Ny04NjcyYmExMA {"name":"operations/cHJvamVjdHMvbGF1cmFmbG9yZXMtMTAzNjAvbG9jYXRpb25zL3VzLWNlbnRyYWwxL29wZXJhdGlvbnMvb3BlcmF0aW9uLTE3Nzc0NjgyMjAxMTYtNjUwOTkxMWRjMGQwMS1lYWY4ZGQ5Ny04NjcyYmExMA","metadata":{"@type":"type.googleapis.com/google.cloud.functions.v1.OperationMetadataV1","target":"projects/lauraflores-10360/locations/us-central1/functions/syncAppointmentToCalendar","type":"CREATE_FUNCTION","request":{"@type":"type.googleapis.com/google.cloud.functions.v1.CloudFunction","name":"projects/lauraflores-10360/locations/us-central1/functions/syncAppointmentToCalendar","eventTrigger":{"eventType":"providers/cloud.firestore/eventTypes/document.create","resource":"projects/lauraflores-10360/databases/(default)/documents/appointments/{appointmentId}","failurePolicy":{}},"entryPoint":"syncAppointmentToCalendar","updateTime":"1970-01-01T00:00:00Z","labels":{"deployment-tool":"cli-firebase","firebase-functions-hash":"c0384a50754c871d2d3b6d3eb706614bf744668b"},"sourceUploadUrl":"https://storage.googleapis.com/uploads-526749953630.us-central1.cloudfunctions.appspot.com/fb5498ed-9280-43b9-95f9-053e93472f53.zip?GoogleAccessId=service-1043899124552@gcf-admin-robot.iam.gserviceaccount.com&Expires=1777470018&Signature=UL5gys1qWukOwSWw85zSMpPUYJAgH%2Ba5s8EFFh2tw%2B9c2RNhVmdAm3%2BAfomln6d6N9H2iZG3brhHCzNOr1vI3UtOvb7hdqwhQ0OAmyVuNnDk0TFYvNm5ACttdp5anMjc8Igd3O69fMQTEzJin0dBJ8L6kgRNV%2F2LvPKbdaJWtfFoKsO%2BiRfA9YoDM%2FwOdcyl5kJSboP88kb0Xsk4W%2FW43JN0e1Ju%2BhOdMhxsxVUNWTpwgAAV8n8FCVnagYMfnCI%2BMq199w2LcfINBjhHKxXsOhwfKE9fvnxw7%2BzapL7MNOzbMv4yg9G4WUDhq1GeezXz4JjtNPaG3mmnFV0RY2u%2B%2Fw%3D%3D","environmentVariables":{"FIREBASE_CONFIG":"{\"projectId\":\"lauraflores-10360\",\"storageBucket\":\"lauraflores-10360.firebasestorage.app\"}","GCLOUD_PROJECT":"lauraflores-10360","EVENTARC_CLOUD_EVENT_SOURCE":"projects/lauraflores-10360/locations/us-central1/functions/syncAppointmentToCalendar"},"runtime":"nodejs20","buildEnvironmentVariables":{"GOOGLE_NODE_RUN_SCRIPTS":""},"dockerRegistry":"ARTIFACT_REGISTRY"},"versionId":"1","updateTime":"2026-04-29T13:10:20.548861899Z"}}
[debug] [2026-04-29T13:10:22.319Z] [create-default-us-central1-syncAppointmentToCalendar] Retrying task index 0
[debug] [2026-04-29T13:10:22.320Z] Checked if tokens are valid: true, expires at: 1777471484785
[debug] [2026-04-29T13:10:22.320Z] Checked if tokens are valid: true, expires at: 1777471484785
[debug] [2026-04-29T13:10:22.320Z] >>> [apiv2][query] GET https://cloudfunctions.googleapis.com/v1/operations/cHJvamVjdHMvbGF1cmFmbG9yZXMtMTAzNjAvbG9jYXRpb25zL3VzLWNlbnRyYWwxL29wZXJhdGlvbnMvb3BlcmF0aW9uLTE3Nzc0NjgyMjAxMTYtNjUwOTkxMWRjMGQwMS1lYWY4ZGQ5Ny04NjcyYmExMA [none]
[debug] [2026-04-29T13:10:23.501Z] <<< [apiv2][status] GET https://cloudfunctions.googleapis.com/v1/operations/cHJvamVjdHMvbGF1cmFmbG9yZXMtMTAzNjAvbG9jYXRpb25zL3VzLWNlbnRyYWwxL29wZXJhdGlvbnMvb3BlcmF0aW9uLTE3Nzc0NjgyMjAxMTYtNjUwOTkxMWRjMGQwMS1lYWY4ZGQ5Ny04NjcyYmExMA 200
[debug] [2026-04-29T13:10:23.502Z] <<< [apiv2][body] GET https://cloudfunctions.googleapis.com/v1/operations/cHJvamVjdHMvbGF1cmFmbG9yZXMtMTAzNjAvbG9jYXRpb25zL3VzLWNlbnRyYWwxL29wZXJhdGlvbnMvb3BlcmF0aW9uLTE3Nzc0NjgyMjAxMTYtNjUwOTkxMWRjMGQwMS1lYWY4ZGQ5Ny04NjcyYmExMA {"name":"operations/cHJvamVjdHMvbGF1cmFmbG9yZXMtMTAzNjAvbG9jYXRpb25zL3VzLWNlbnRyYWwxL29wZXJhdGlvbnMvb3BlcmF0aW9uLTE3Nzc0NjgyMjAxMTYtNjUwOTkxMWRjMGQwMS1lYWY4ZGQ5Ny04NjcyYmExMA","metadata":{"@type":"type.googleapis.com/google.cloud.functions.v1.OperationMetadataV1","target":"projects/lauraflores-10360/locations/us-central1/functions/syncAppointmentToCalendar","type":"CREATE_FUNCTION","request":{"@type":"type.googleapis.com/google.cloud.functions.v1.CloudFunction","name":"projects/lauraflores-10360/locations/us-central1/functions/syncAppointmentToCalendar","eventTrigger":{"eventType":"providers/cloud.firestore/eventTypes/document.create","resource":"projects/lauraflores-10360/databases/(default)/documents/appointments/{appointmentId}","failurePolicy":{}},"entryPoint":"syncAppointmentToCalendar","updateTime":"1970-01-01T00:00:00Z","labels":{"deployment-tool":"cli-firebase","firebase-functions-hash":"c0384a50754c871d2d3b6d3eb706614bf744668b"},"sourceUploadUrl":"https://storage.googleapis.com/uploads-526749953630.us-central1.cloudfunctions.appspot.com/fb5498ed-9280-43b9-95f9-053e93472f53.zip?GoogleAccessId=service-1043899124552@gcf-admin-robot.iam.gserviceaccount.com&Expires=1777470018&Signature=UL5gys1qWukOwSWw85zSMpPUYJAgH%2Ba5s8EFFh2tw%2B9c2RNhVmdAm3%2BAfomln6d6N9H2iZG3brhHCzNOr1vI3UtOvb7hdqwhQ0OAmyVuNnDk0TFYvNm5ACttdp5anMjc8Igd3O69fMQTEzJin0dBJ8L6kgRNV%2F2LvPKbdaJWtfFoKsO%2BiRfA9YoDM%2FwOdcyl5kJSboP88kb0Xsk4W%2FW43JN0e1Ju%2BhOdMhxsxVUNWTpwgAAV8n8FCVnagYMfnCI%2BMq199w2LcfINBjhHKxXsOhwfKE9fvnxw7%2BzapL7MNOzbMv4yg9G4WUDhq1GeezXz4JjtNPaG3mmnFV0RY2u%2B%2Fw%3D%3D","environmentVariables":{"FIREBASE_CONFIG":"{\"projectId\":\"lauraflores-10360\",\"storageBucket\":\"lauraflores-10360.firebasestorage.app\"}","GCLOUD_PROJECT":"lauraflores-10360","EVENTARC_CLOUD_EVENT_SOURCE":"projects/lauraflores-10360/locations/us-central1/functions/syncAppointmentToCalendar"},"runtime":"nodejs20","buildEnvironmentVariables":{"GOOGLE_NODE_RUN_SCRIPTS":""},"dockerRegistry":"ARTIFACT_REGISTRY"},"versionId":"1","updateTime":"2026-04-29T13:10:20.548861899Z"}}
[debug] [2026-04-29T13:10:24.510Z] [create-default-us-central1-syncAppointmentToCalendar] Retrying task index 0
[debug] [2026-04-29T13:10:24.510Z] Checked if tokens are valid: true, expires at: 1777471484785
[debug] [2026-04-29T13:10:24.510Z] Checked if tokens are valid: true, expires at: 1777471484785
[debug] [2026-04-29T13:10:24.510Z] >>> [apiv2][query] GET https://cloudfunctions.googleapis.com/v1/operations/cHJvamVjdHMvbGF1cmFmbG9yZXMtMTAzNjAvbG9jYXRpb25zL3VzLWNlbnRyYWwxL29wZXJhdGlvbnMvb3BlcmF0aW9uLTE3Nzc0NjgyMjAxMTYtNjUwOTkxMWRjMGQwMS1lYWY4ZGQ5Ny04NjcyYmExMA [none]
[debug] [2026-04-29T13:10:25.081Z] <<< [apiv2][status] GET https://cloudfunctions.googleapis.com/v1/operations/cHJvamVjdHMvbGF1cmFmbG9yZXMtMTAzNjAvbG9jYXRpb25zL3VzLWNlbnRyYWwxL29wZXJhdGlvbnMvb3BlcmF0aW9uLTE3Nzc0NjgyMjAxMTYtNjUwOTkxMWRjMGQwMS1lYWY4ZGQ5Ny04NjcyYmExMA 200
[debug] [2026-04-29T13:10:25.082Z] <<< [apiv2][body] GET https://cloudfunctions.googleapis.com/v1/operations/cHJvamVjdHMvbGF1cmFmbG9yZXMtMTAzNjAvbG9jYXRpb25zL3VzLWNlbnRyYWwxL29wZXJhdGlvbnMvb3BlcmF0aW9uLTE3Nzc0NjgyMjAxMTYtNjUwOTkxMWRjMGQwMS1lYWY4ZGQ5Ny04NjcyYmExMA {"name":"operations/cHJvamVjdHMvbGF1cmFmbG9yZXMtMTAzNjAvbG9jYXRpb25zL3VzLWNlbnRyYWwxL29wZXJhdGlvbnMvb3BlcmF0aW9uLTE3Nzc0NjgyMjAxMTYtNjUwOTkxMWRjMGQwMS1lYWY4ZGQ5Ny04NjcyYmExMA","metadata":{"@type":"type.googleapis.com/google.cloud.functions.v1.OperationMetadataV1","target":"projects/lauraflores-10360/locations/us-central1/functions/syncAppointmentToCalendar","type":"CREATE_FUNCTION","request":{"@type":"type.googleapis.com/google.cloud.functions.v1.CloudFunction","name":"projects/lauraflores-10360/locations/us-central1/functions/syncAppointmentToCalendar","eventTrigger":{"eventType":"providers/cloud.firestore/eventTypes/document.create","resource":"projects/lauraflores-10360/databases/(default)/documents/appointments/{appointmentId}","failurePolicy":{}},"entryPoint":"syncAppointmentToCalendar","updateTime":"1970-01-01T00:00:00Z","labels":{"deployment-tool":"cli-firebase","firebase-functions-hash":"c0384a50754c871d2d3b6d3eb706614bf744668b"},"sourceUploadUrl":"https://storage.googleapis.com/uploads-526749953630.us-central1.cloudfunctions.appspot.com/fb5498ed-9280-43b9-95f9-053e93472f53.zip?GoogleAccessId=service-1043899124552@gcf-admin-robot.iam.gserviceaccount.com&Expires=1777470018&Signature=UL5gys1qWukOwSWw85zSMpPUYJAgH%2Ba5s8EFFh2tw%2B9c2RNhVmdAm3%2BAfomln6d6N9H2iZG3brhHCzNOr1vI3UtOvb7hdqwhQ0OAmyVuNnDk0TFYvNm5ACttdp5anMjc8Igd3O69fMQTEzJin0dBJ8L6kgRNV%2F2LvPKbdaJWtfFoKsO%2BiRfA9YoDM%2FwOdcyl5kJSboP88kb0Xsk4W%2FW43JN0e1Ju%2BhOdMhxsxVUNWTpwgAAV8n8FCVnagYMfnCI%2BMq199w2LcfINBjhHKxXsOhwfKE9fvnxw7%2BzapL7MNOzbMv4yg9G4WUDhq1GeezXz4JjtNPaG3mmnFV0RY2u%2B%2Fw%3D%3D","environmentVariables":{"FIREBASE_CONFIG":"{\"projectId\":\"lauraflores-10360\",\"storageBucket\":\"lauraflores-10360.firebasestorage.app\"}","GCLOUD_PROJECT":"lauraflores-10360","EVENTARC_CLOUD_EVENT_SOURCE":"projects/lauraflores-10360/locations/us-central1/functions/syncAppointmentToCalendar"},"runtime":"nodejs20","buildEnvironmentVariables":{"GOOGLE_NODE_RUN_SCRIPTS":""},"dockerRegistry":"ARTIFACT_REGISTRY"},"versionId":"1","updateTime":"2026-04-29T13:10:20.548861899Z"}}
[debug] [2026-04-29T13:10:27.085Z] [create-default-us-central1-syncAppointmentToCalendar] Retrying task index 0
[debug] [2026-04-29T13:10:27.085Z] Checked if tokens are valid: true, expires at: 1777471484785
[debug] [2026-04-29T13:10:27.085Z] Checked if tokens are valid: true, expires at: 1777471484785
[debug] [2026-04-29T13:10:27.085Z] >>> [apiv2][query] GET https://cloudfunctions.googleapis.com/v1/operations/cHJvamVjdHMvbGF1cmFmbG9yZXMtMTAzNjAvbG9jYXRpb25zL3VzLWNlbnRyYWwxL29wZXJhdGlvbnMvb3BlcmF0aW9uLTE3Nzc0NjgyMjAxMTYtNjUwOTkxMWRjMGQwMS1lYWY4ZGQ5Ny04NjcyYmExMA [none]
[debug] [2026-04-29T13:10:28.300Z] <<< [apiv2][status] GET https://cloudfunctions.googleapis.com/v1/operations/cHJvamVjdHMvbGF1cmFmbG9yZXMtMTAzNjAvbG9jYXRpb25zL3VzLWNlbnRyYWwxL29wZXJhdGlvbnMvb3BlcmF0aW9uLTE3Nzc0NjgyMjAxMTYtNjUwOTkxMWRjMGQwMS1lYWY4ZGQ5Ny04NjcyYmExMA 200
[debug] [2026-04-29T13:10:28.301Z] <<< [apiv2][body] GET https://cloudfunctions.googleapis.com/v1/operations/cHJvamVjdHMvbGF1cmFmbG9yZXMtMTAzNjAvbG9jYXRpb25zL3VzLWNlbnRyYWwxL29wZXJhdGlvbnMvb3BlcmF0aW9uLTE3Nzc0NjgyMjAxMTYtNjUwOTkxMWRjMGQwMS1lYWY4ZGQ5Ny04NjcyYmExMA {"name":"operations/cHJvamVjdHMvbGF1cmFmbG9yZXMtMTAzNjAvbG9jYXRpb25zL3VzLWNlbnRyYWwxL29wZXJhdGlvbnMvb3BlcmF0aW9uLTE3Nzc0NjgyMjAxMTYtNjUwOTkxMWRjMGQwMS1lYWY4ZGQ5Ny04NjcyYmExMA","metadata":{"@type":"type.googleapis.com/google.cloud.functions.v1.OperationMetadataV1","target":"projects/lauraflores-10360/locations/us-central1/functions/syncAppointmentToCalendar","type":"CREATE_FUNCTION","request":{"@type":"type.googleapis.com/google.cloud.functions.v1.CloudFunction","name":"projects/lauraflores-10360/locations/us-central1/functions/syncAppointmentToCalendar","eventTrigger":{"eventType":"providers/cloud.firestore/eventTypes/document.create","resource":"projects/lauraflores-10360/databases/(default)/documents/appointments/{appointmentId}","failurePolicy":{}},"entryPoint":"syncAppointmentToCalendar","updateTime":"1970-01-01T00:00:00Z","labels":{"deployment-tool":"cli-firebase","firebase-functions-hash":"c0384a50754c871d2d3b6d3eb706614bf744668b"},"sourceUploadUrl":"https://storage.googleapis.com/uploads-526749953630.us-central1.cloudfunctions.appspot.com/fb5498ed-9280-43b9-95f9-053e93472f53.zip?GoogleAccessId=service-1043899124552@gcf-admin-robot.iam.gserviceaccount.com&Expires=1777470018&Signature=UL5gys1qWukOwSWw85zSMpPUYJAgH%2Ba5s8EFFh2tw%2B9c2RNhVmdAm3%2BAfomln6d6N9H2iZG3brhHCzNOr1vI3UtOvb7hdqwhQ0OAmyVuNnDk0TFYvNm5ACttdp5anMjc8Igd3O69fMQTEzJin0dBJ8L6kgRNV%2F2LvPKbdaJWtfFoKsO%2BiRfA9YoDM%2FwOdcyl5kJSboP88kb0Xsk4W%2FW43JN0e1Ju%2BhOdMhxsxVUNWTpwgAAV8n8FCVnagYMfnCI%2BMq199w2LcfINBjhHKxXsOhwfKE9fvnxw7%2BzapL7MNOzbMv4yg9G4WUDhq1GeezXz4JjtNPaG3mmnFV0RY2u%2B%2Fw%3D%3D","environmentVariables":{"FIREBASE_CONFIG":"{\"projectId\":\"lauraflores-10360\",\"storageBucket\":\"lauraflores-10360.firebasestorage.app\"}","GCLOUD_PROJECT":"lauraflores-10360","EVENTARC_CLOUD_EVENT_SOURCE":"projects/lauraflores-10360/locations/us-central1/functions/syncAppointmentToCalendar"},"runtime":"nodejs20","buildEnvironmentVariables":{"GOOGLE_NODE_RUN_SCRIPTS":""},"dockerRegistry":"ARTIFACT_REGISTRY"},"versionId":"1","updateTime":"2026-04-29T13:10:20.548861899Z"}}
[debug] [2026-04-29T13:10:32.312Z] [create-default-us-central1-syncAppointmentToCalendar] Retrying task index 0
[debug] [2026-04-29T13:10:32.312Z] Checked if tokens are valid: true, expires at: 1777471484785
[debug] [2026-04-29T13:10:32.312Z] Checked if tokens are valid: true, expires at: 1777471484785
[debug] [2026-04-29T13:10:32.312Z] >>> [apiv2][query] GET https://cloudfunctions.googleapis.com/v1/operations/cHJvamVjdHMvbGF1cmFmbG9yZXMtMTAzNjAvbG9jYXRpb25zL3VzLWNlbnRyYWwxL29wZXJhdGlvbnMvb3BlcmF0aW9uLTE3Nzc0NjgyMjAxMTYtNjUwOTkxMWRjMGQwMS1lYWY4ZGQ5Ny04NjcyYmExMA [none]
[debug] [2026-04-29T13:10:33.456Z] <<< [apiv2][status] GET https://cloudfunctions.googleapis.com/v1/operations/cHJvamVjdHMvbGF1cmFmbG9yZXMtMTAzNjAvbG9jYXRpb25zL3VzLWNlbnRyYWwxL29wZXJhdGlvbnMvb3BlcmF0aW9uLTE3Nzc0NjgyMjAxMTYtNjUwOTkxMWRjMGQwMS1lYWY4ZGQ5Ny04NjcyYmExMA 200
[debug] [2026-04-29T13:10:33.456Z] <<< [apiv2][body] GET https://cloudfunctions.googleapis.com/v1/operations/cHJvamVjdHMvbGF1cmFmbG9yZXMtMTAzNjAvbG9jYXRpb25zL3VzLWNlbnRyYWwxL29wZXJhdGlvbnMvb3BlcmF0aW9uLTE3Nzc0NjgyMjAxMTYtNjUwOTkxMWRjMGQwMS1lYWY4ZGQ5Ny04NjcyYmExMA {"name":"operations/cHJvamVjdHMvbGF1cmFmbG9yZXMtMTAzNjAvbG9jYXRpb25zL3VzLWNlbnRyYWwxL29wZXJhdGlvbnMvb3BlcmF0aW9uLTE3Nzc0NjgyMjAxMTYtNjUwOTkxMWRjMGQwMS1lYWY4ZGQ5Ny04NjcyYmExMA","metadata":{"@type":"type.googleapis.com/google.cloud.functions.v1.OperationMetadataV1","target":"projects/lauraflores-10360/locations/us-central1/functions/syncAppointmentToCalendar","type":"CREATE_FUNCTION","request":{"@type":"type.googleapis.com/google.cloud.functions.v1.CloudFunction","name":"projects/lauraflores-10360/locations/us-central1/functions/syncAppointmentToCalendar","eventTrigger":{"eventType":"providers/cloud.firestore/eventTypes/document.create","resource":"projects/lauraflores-10360/databases/(default)/documents/appointments/{appointmentId}","failurePolicy":{}},"entryPoint":"syncAppointmentToCalendar","updateTime":"1970-01-01T00:00:00Z","labels":{"deployment-tool":"cli-firebase","firebase-functions-hash":"c0384a50754c871d2d3b6d3eb706614bf744668b"},"sourceUploadUrl":"https://storage.googleapis.com/uploads-526749953630.us-central1.cloudfunctions.appspot.com/fb5498ed-9280-43b9-95f9-053e93472f53.zip?GoogleAccessId=service-1043899124552@gcf-admin-robot.iam.gserviceaccount.com&Expires=1777470018&Signature=UL5gys1qWukOwSWw85zSMpPUYJAgH%2Ba5s8EFFh2tw%2B9c2RNhVmdAm3%2BAfomln6d6N9H2iZG3brhHCzNOr1vI3UtOvb7hdqwhQ0OAmyVuNnDk0TFYvNm5ACttdp5anMjc8Igd3O69fMQTEzJin0dBJ8L6kgRNV%2F2LvPKbdaJWtfFoKsO%2BiRfA9YoDM%2FwOdcyl5kJSboP88kb0Xsk4W%2FW43JN0e1Ju%2BhOdMhxsxVUNWTpwgAAV8n8FCVnagYMfnCI%2BMq199w2LcfINBjhHKxXsOhwfKE9fvnxw7%2BzapL7MNOzbMv4yg9G4WUDhq1GeezXz4JjtNPaG3mmnFV0RY2u%2B%2Fw%3D%3D","environmentVariables":{"FIREBASE_CONFIG":"{\"projectId\":\"lauraflores-10360\",\"storageBucket\":\"lauraflores-10360.firebasestorage.app\"}","GCLOUD_PROJECT":"lauraflores-10360","EVENTARC_CLOUD_EVENT_SOURCE":"projects/lauraflores-10360/locations/us-central1/functions/syncAppointmentToCalendar"},"runtime":"nodejs20","buildEnvironmentVariables":{"GOOGLE_NODE_RUN_SCRIPTS":""},"dockerRegistry":"ARTIFACT_REGISTRY"},"versionId":"1","updateTime":"2026-04-29T13:10:20.548861899Z"}}
[debug] [2026-04-29T13:10:41.468Z] [create-default-us-central1-syncAppointmentToCalendar] Retrying task index 0
[debug] [2026-04-29T13:10:41.468Z] Checked if tokens are valid: true, expires at: 1777471484785
[debug] [2026-04-29T13:10:41.468Z] Checked if tokens are valid: true, expires at: 1777471484785
[debug] [2026-04-29T13:10:41.468Z] >>> [apiv2][query] GET https://cloudfunctions.googleapis.com/v1/operations/cHJvamVjdHMvbGF1cmFmbG9yZXMtMTAzNjAvbG9jYXRpb25zL3VzLWNlbnRyYWwxL29wZXJhdGlvbnMvb3BlcmF0aW9uLTE3Nzc0NjgyMjAxMTYtNjUwOTkxMWRjMGQwMS1lYWY4ZGQ5Ny04NjcyYmExMA [none]
[debug] [2026-04-29T13:10:42.158Z] <<< [apiv2][status] GET https://cloudfunctions.googleapis.com/v1/operations/cHJvamVjdHMvbGF1cmFmbG9yZXMtMTAzNjAvbG9jYXRpb25zL3VzLWNlbnRyYWwxL29wZXJhdGlvbnMvb3BlcmF0aW9uLTE3Nzc0NjgyMjAxMTYtNjUwOTkxMWRjMGQwMS1lYWY4ZGQ5Ny04NjcyYmExMA 200
[debug] [2026-04-29T13:10:42.158Z] <<< [apiv2][body] GET https://cloudfunctions.googleapis.com/v1/operations/cHJvamVjdHMvbGF1cmFmbG9yZXMtMTAzNjAvbG9jYXRpb25zL3VzLWNlbnRyYWwxL29wZXJhdGlvbnMvb3BlcmF0aW9uLTE3Nzc0NjgyMjAxMTYtNjUwOTkxMWRjMGQwMS1lYWY4ZGQ5Ny04NjcyYmExMA {"name":"operations/cHJvamVjdHMvbGF1cmFmbG9yZXMtMTAzNjAvbG9jYXRpb25zL3VzLWNlbnRyYWwxL29wZXJhdGlvbnMvb3BlcmF0aW9uLTE3Nzc0NjgyMjAxMTYtNjUwOTkxMWRjMGQwMS1lYWY4ZGQ5Ny04NjcyYmExMA","metadata":{"@type":"type.googleapis.com/google.cloud.functions.v1.OperationMetadataV1","target":"projects/lauraflores-10360/locations/us-central1/functions/syncAppointmentToCalendar","type":"CREATE_FUNCTION","request":{"@type":"type.googleapis.com/google.cloud.functions.v1.CloudFunction","name":"projects/lauraflores-10360/locations/us-central1/functions/syncAppointmentToCalendar","eventTrigger":{"eventType":"providers/cloud.firestore/eventTypes/document.create","resource":"projects/lauraflores-10360/databases/(default)/documents/appointments/{appointmentId}","failurePolicy":{}},"entryPoint":"syncAppointmentToCalendar","updateTime":"1970-01-01T00:00:00Z","labels":{"deployment-tool":"cli-firebase","firebase-functions-hash":"c0384a50754c871d2d3b6d3eb706614bf744668b"},"sourceUploadUrl":"https://storage.googleapis.com/uploads-526749953630.us-central1.cloudfunctions.appspot.com/fb5498ed-9280-43b9-95f9-053e93472f53.zip?GoogleAccessId=service-1043899124552@gcf-admin-robot.iam.gserviceaccount.com&Expires=1777470018&Signature=UL5gys1qWukOwSWw85zSMpPUYJAgH%2Ba5s8EFFh2tw%2B9c2RNhVmdAm3%2BAfomln6d6N9H2iZG3brhHCzNOr1vI3UtOvb7hdqwhQ0OAmyVuNnDk0TFYvNm5ACttdp5anMjc8Igd3O69fMQTEzJin0dBJ8L6kgRNV%2F2LvPKbdaJWtfFoKsO%2BiRfA9YoDM%2FwOdcyl5kJSboP88kb0Xsk4W%2FW43JN0e1Ju%2BhOdMhxsxVUNWTpwgAAV8n8FCVnagYMfnCI%2BMq199w2LcfINBjhHKxXsOhwfKE9fvnxw7%2BzapL7MNOzbMv4yg9G4WUDhq1GeezXz4JjtNPaG3mmnFV0RY2u%2B%2Fw%3D%3D","environmentVariables":{"FIREBASE_CONFIG":"{\"projectId\":\"lauraflores-10360\",\"storageBucket\":\"lauraflores-10360.firebasestorage.app\"}","GCLOUD_PROJECT":"lauraflores-10360","EVENTARC_CLOUD_EVENT_SOURCE":"projects/lauraflores-10360/locations/us-central1/functions/syncAppointmentToCalendar"},"runtime":"nodejs20","buildEnvironmentVariables":{"GOOGLE_NODE_RUN_SCRIPTS":""},"dockerRegistry":"ARTIFACT_REGISTRY"},"versionId":"1","updateTime":"2026-04-29T13:10:20.548861899Z","buildId":"862f1ef0-1093-4517-80a9-0cdfc6e0f145","buildName":"projects/1043899124552/locations/us-central1/builds/862f1ef0-1093-4517-80a9-0cdfc6e0f145"}}
[debug] [2026-04-29T13:10:52.173Z] [create-default-us-central1-syncAppointmentToCalendar] Retrying task index 0
[debug] [2026-04-29T13:10:52.173Z] Checked if tokens are valid: true, expires at: 1777471484785
[debug] [2026-04-29T13:10:52.173Z] Checked if tokens are valid: true, expires at: 1777471484785
[debug] [2026-04-29T13:10:52.173Z] >>> [apiv2][query] GET https://cloudfunctions.googleapis.com/v1/operations/cHJvamVjdHMvbGF1cmFmbG9yZXMtMTAzNjAvbG9jYXRpb25zL3VzLWNlbnRyYWwxL29wZXJhdGlvbnMvb3BlcmF0aW9uLTE3Nzc0NjgyMjAxMTYtNjUwOTkxMWRjMGQwMS1lYWY4ZGQ5Ny04NjcyYmExMA [none]
[debug] [2026-04-29T13:10:52.850Z] <<< [apiv2][status] GET https://cloudfunctions.googleapis.com/v1/operations/cHJvamVjdHMvbGF1cmFmbG9yZXMtMTAzNjAvbG9jYXRpb25zL3VzLWNlbnRyYWwxL29wZXJhdGlvbnMvb3BlcmF0aW9uLTE3Nzc0NjgyMjAxMTYtNjUwOTkxMWRjMGQwMS1lYWY4ZGQ5Ny04NjcyYmExMA 200
[debug] [2026-04-29T13:10:52.850Z] <<< [apiv2][body] GET https://cloudfunctions.googleapis.com/v1/operations/cHJvamVjdHMvbGF1cmFmbG9yZXMtMTAzNjAvbG9jYXRpb25zL3VzLWNlbnRyYWwxL29wZXJhdGlvbnMvb3BlcmF0aW9uLTE3Nzc0NjgyMjAxMTYtNjUwOTkxMWRjMGQwMS1lYWY4ZGQ5Ny04NjcyYmExMA {"name":"operations/cHJvamVjdHMvbGF1cmFmbG9yZXMtMTAzNjAvbG9jYXRpb25zL3VzLWNlbnRyYWwxL29wZXJhdGlvbnMvb3BlcmF0aW9uLTE3Nzc0NjgyMjAxMTYtNjUwOTkxMWRjMGQwMS1lYWY4ZGQ5Ny04NjcyYmExMA","metadata":{"@type":"type.googleapis.com/google.cloud.functions.v1.OperationMetadataV1","target":"projects/lauraflores-10360/locations/us-central1/functions/syncAppointmentToCalendar","type":"CREATE_FUNCTION","request":{"@type":"type.googleapis.com/google.cloud.functions.v1.CloudFunction","name":"projects/lauraflores-10360/locations/us-central1/functions/syncAppointmentToCalendar","eventTrigger":{"eventType":"providers/cloud.firestore/eventTypes/document.create","resource":"projects/lauraflores-10360/databases/(default)/documents/appointments/{appointmentId}","failurePolicy":{}},"entryPoint":"syncAppointmentToCalendar","updateTime":"1970-01-01T00:00:00Z","labels":{"deployment-tool":"cli-firebase","firebase-functions-hash":"c0384a50754c871d2d3b6d3eb706614bf744668b"},"sourceUploadUrl":"https://storage.googleapis.com/uploads-526749953630.us-central1.cloudfunctions.appspot.com/fb5498ed-9280-43b9-95f9-053e93472f53.zip?GoogleAccessId=service-1043899124552@gcf-admin-robot.iam.gserviceaccount.com&Expires=1777470018&Signature=UL5gys1qWukOwSWw85zSMpPUYJAgH%2Ba5s8EFFh2tw%2B9c2RNhVmdAm3%2BAfomln6d6N9H2iZG3brhHCzNOr1vI3UtOvb7hdqwhQ0OAmyVuNnDk0TFYvNm5ACttdp5anMjc8Igd3O69fMQTEzJin0dBJ8L6kgRNV%2F2LvPKbdaJWtfFoKsO%2BiRfA9YoDM%2FwOdcyl5kJSboP88kb0Xsk4W%2FW43JN0e1Ju%2BhOdMhxsxVUNWTpwgAAV8n8FCVnagYMfnCI%2BMq199w2LcfINBjhHKxXsOhwfKE9fvnxw7%2BzapL7MNOzbMv4yg9G4WUDhq1GeezXz4JjtNPaG3mmnFV0RY2u%2B%2Fw%3D%3D","environmentVariables":{"FIREBASE_CONFIG":"{\"projectId\":\"lauraflores-10360\",\"storageBucket\":\"lauraflores-10360.firebasestorage.app\"}","GCLOUD_PROJECT":"lauraflores-10360","EVENTARC_CLOUD_EVENT_SOURCE":"projects/lauraflores-10360/locations/us-central1/functions/syncAppointmentToCalendar"},"runtime":"nodejs20","buildEnvironmentVariables":{"GOOGLE_NODE_RUN_SCRIPTS":""},"dockerRegistry":"ARTIFACT_REGISTRY"},"versionId":"1","updateTime":"2026-04-29T13:10:20.548861899Z","buildId":"862f1ef0-1093-4517-80a9-0cdfc6e0f145","buildName":"projects/1043899124552/locations/us-central1/builds/862f1ef0-1093-4517-80a9-0cdfc6e0f145"}}
[debug] [2026-04-29T13:11:02.862Z] [create-default-us-central1-syncAppointmentToCalendar] Retrying task index 0
[debug] [2026-04-29T13:11:02.862Z] Checked if tokens are valid: true, expires at: 1777471484785
[debug] [2026-04-29T13:11:02.862Z] Checked if tokens are valid: true, expires at: 1777471484785
[debug] [2026-04-29T13:11:02.862Z] >>> [apiv2][query] GET https://cloudfunctions.googleapis.com/v1/operations/cHJvamVjdHMvbGF1cmFmbG9yZXMtMTAzNjAvbG9jYXRpb25zL3VzLWNlbnRyYWwxL29wZXJhdGlvbnMvb3BlcmF0aW9uLTE3Nzc0NjgyMjAxMTYtNjUwOTkxMWRjMGQwMS1lYWY4ZGQ5Ny04NjcyYmExMA [none]
[debug] [2026-04-29T13:11:03.568Z] <<< [apiv2][status] GET https://cloudfunctions.googleapis.com/v1/operations/cHJvamVjdHMvbGF1cmFmbG9yZXMtMTAzNjAvbG9jYXRpb25zL3VzLWNlbnRyYWwxL29wZXJhdGlvbnMvb3BlcmF0aW9uLTE3Nzc0NjgyMjAxMTYtNjUwOTkxMWRjMGQwMS1lYWY4ZGQ5Ny04NjcyYmExMA 200
[debug] [2026-04-29T13:11:03.568Z] <<< [apiv2][body] GET https://cloudfunctions.googleapis.com/v1/operations/cHJvamVjdHMvbGF1cmFmbG9yZXMtMTAzNjAvbG9jYXRpb25zL3VzLWNlbnRyYWwxL29wZXJhdGlvbnMvb3BlcmF0aW9uLTE3Nzc0NjgyMjAxMTYtNjUwOTkxMWRjMGQwMS1lYWY4ZGQ5Ny04NjcyYmExMA {"name":"operations/cHJvamVjdHMvbGF1cmFmbG9yZXMtMTAzNjAvbG9jYXRpb25zL3VzLWNlbnRyYWwxL29wZXJhdGlvbnMvb3BlcmF0aW9uLTE3Nzc0NjgyMjAxMTYtNjUwOTkxMWRjMGQwMS1lYWY4ZGQ5Ny04NjcyYmExMA","metadata":{"@type":"type.googleapis.com/google.cloud.functions.v1.OperationMetadataV1","target":"projects/lauraflores-10360/locations/us-central1/functions/syncAppointmentToCalendar","type":"CREATE_FUNCTION","request":{"@type":"type.googleapis.com/google.cloud.functions.v1.CloudFunction","name":"projects/lauraflores-10360/locations/us-central1/functions/syncAppointmentToCalendar","eventTrigger":{"eventType":"providers/cloud.firestore/eventTypes/document.create","resource":"projects/lauraflores-10360/databases/(default)/documents/appointments/{appointmentId}","failurePolicy":{}},"entryPoint":"syncAppointmentToCalendar","updateTime":"1970-01-01T00:00:00Z","labels":{"deployment-tool":"cli-firebase","firebase-functions-hash":"c0384a50754c871d2d3b6d3eb706614bf744668b"},"sourceUploadUrl":"https://storage.googleapis.com/uploads-526749953630.us-central1.cloudfunctions.appspot.com/fb5498ed-9280-43b9-95f9-053e93472f53.zip?GoogleAccessId=service-1043899124552@gcf-admin-robot.iam.gserviceaccount.com&Expires=1777470018&Signature=UL5gys1qWukOwSWw85zSMpPUYJAgH%2Ba5s8EFFh2tw%2B9c2RNhVmdAm3%2BAfomln6d6N9H2iZG3brhHCzNOr1vI3UtOvb7hdqwhQ0OAmyVuNnDk0TFYvNm5ACttdp5anMjc8Igd3O69fMQTEzJin0dBJ8L6kgRNV%2F2LvPKbdaJWtfFoKsO%2BiRfA9YoDM%2FwOdcyl5kJSboP88kb0Xsk4W%2FW43JN0e1Ju%2BhOdMhxsxVUNWTpwgAAV8n8FCVnagYMfnCI%2BMq199w2LcfINBjhHKxXsOhwfKE9fvnxw7%2BzapL7MNOzbMv4yg9G4WUDhq1GeezXz4JjtNPaG3mmnFV0RY2u%2B%2Fw%3D%3D","environmentVariables":{"FIREBASE_CONFIG":"{\"projectId\":\"lauraflores-10360\",\"storageBucket\":\"lauraflores-10360.firebasestorage.app\"}","GCLOUD_PROJECT":"lauraflores-10360","EVENTARC_CLOUD_EVENT_SOURCE":"projects/lauraflores-10360/locations/us-central1/functions/syncAppointmentToCalendar"},"runtime":"nodejs20","buildEnvironmentVariables":{"GOOGLE_NODE_RUN_SCRIPTS":""},"dockerRegistry":"ARTIFACT_REGISTRY"},"versionId":"1","updateTime":"2026-04-29T13:10:20.548861899Z","buildId":"862f1ef0-1093-4517-80a9-0cdfc6e0f145","buildName":"projects/1043899124552/locations/us-central1/builds/862f1ef0-1093-4517-80a9-0cdfc6e0f145"}}
[debug] [2026-04-29T13:11:13.575Z] [create-default-us-central1-syncAppointmentToCalendar] Retrying task index 0
[debug] [2026-04-29T13:11:13.576Z] Checked if tokens are valid: true, expires at: 1777471484785
[debug] [2026-04-29T13:11:13.576Z] Checked if tokens are valid: true, expires at: 1777471484785
[debug] [2026-04-29T13:11:13.576Z] >>> [apiv2][query] GET https://cloudfunctions.googleapis.com/v1/operations/cHJvamVjdHMvbGF1cmFmbG9yZXMtMTAzNjAvbG9jYXRpb25zL3VzLWNlbnRyYWwxL29wZXJhdGlvbnMvb3BlcmF0aW9uLTE3Nzc0NjgyMjAxMTYtNjUwOTkxMWRjMGQwMS1lYWY4ZGQ5Ny04NjcyYmExMA [none]
[debug] [2026-04-29T13:11:14.226Z] <<< [apiv2][status] GET https://cloudfunctions.googleapis.com/v1/operations/cHJvamVjdHMvbGF1cmFmbG9yZXMtMTAzNjAvbG9jYXRpb25zL3VzLWNlbnRyYWwxL29wZXJhdGlvbnMvb3BlcmF0aW9uLTE3Nzc0NjgyMjAxMTYtNjUwOTkxMWRjMGQwMS1lYWY4ZGQ5Ny04NjcyYmExMA 200
[debug] [2026-04-29T13:11:14.227Z] <<< [apiv2][body] GET https://cloudfunctions.googleapis.com/v1/operations/cHJvamVjdHMvbGF1cmFmbG9yZXMtMTAzNjAvbG9jYXRpb25zL3VzLWNlbnRyYWwxL29wZXJhdGlvbnMvb3BlcmF0aW9uLTE3Nzc0NjgyMjAxMTYtNjUwOTkxMWRjMGQwMS1lYWY4ZGQ5Ny04NjcyYmExMA {"name":"operations/cHJvamVjdHMvbGF1cmFmbG9yZXMtMTAzNjAvbG9jYXRpb25zL3VzLWNlbnRyYWwxL29wZXJhdGlvbnMvb3BlcmF0aW9uLTE3Nzc0NjgyMjAxMTYtNjUwOTkxMWRjMGQwMS1lYWY4ZGQ5Ny04NjcyYmExMA","metadata":{"@type":"type.googleapis.com/google.cloud.functions.v1.OperationMetadataV1","target":"projects/lauraflores-10360/locations/us-central1/functions/syncAppointmentToCalendar","type":"CREATE_FUNCTION","request":{"@type":"type.googleapis.com/google.cloud.functions.v1.CloudFunction","name":"projects/lauraflores-10360/locations/us-central1/functions/syncAppointmentToCalendar","eventTrigger":{"eventType":"providers/cloud.firestore/eventTypes/document.create","resource":"projects/lauraflores-10360/databases/(default)/documents/appointments/{appointmentId}","failurePolicy":{}},"entryPoint":"syncAppointmentToCalendar","updateTime":"1970-01-01T00:00:00Z","labels":{"deployment-tool":"cli-firebase","firebase-functions-hash":"c0384a50754c871d2d3b6d3eb706614bf744668b"},"sourceUploadUrl":"https://storage.googleapis.com/uploads-526749953630.us-central1.cloudfunctions.appspot.com/fb5498ed-9280-43b9-95f9-053e93472f53.zip?GoogleAccessId=service-1043899124552@gcf-admin-robot.iam.gserviceaccount.com&Expires=1777470018&Signature=UL5gys1qWukOwSWw85zSMpPUYJAgH%2Ba5s8EFFh2tw%2B9c2RNhVmdAm3%2BAfomln6d6N9H2iZG3brhHCzNOr1vI3UtOvb7hdqwhQ0OAmyVuNnDk0TFYvNm5ACttdp5anMjc8Igd3O69fMQTEzJin0dBJ8L6kgRNV%2F2LvPKbdaJWtfFoKsO%2BiRfA9YoDM%2FwOdcyl5kJSboP88kb0Xsk4W%2FW43JN0e1Ju%2BhOdMhxsxVUNWTpwgAAV8n8FCVnagYMfnCI%2BMq199w2LcfINBjhHKxXsOhwfKE9fvnxw7%2BzapL7MNOzbMv4yg9G4WUDhq1GeezXz4JjtNPaG3mmnFV0RY2u%2B%2Fw%3D%3D","environmentVariables":{"FIREBASE_CONFIG":"{\"projectId\":\"lauraflores-10360\",\"storageBucket\":\"lauraflores-10360.firebasestorage.app\"}","GCLOUD_PROJECT":"lauraflores-10360","EVENTARC_CLOUD_EVENT_SOURCE":"projects/lauraflores-10360/locations/us-central1/functions/syncAppointmentToCalendar"},"runtime":"nodejs20","buildEnvironmentVariables":{"GOOGLE_NODE_RUN_SCRIPTS":""},"dockerRegistry":"ARTIFACT_REGISTRY"},"versionId":"1","updateTime":"2026-04-29T13:10:20.548861899Z","buildId":"862f1ef0-1093-4517-80a9-0cdfc6e0f145","buildName":"projects/1043899124552/locations/us-central1/builds/862f1ef0-1093-4517-80a9-0cdfc6e0f145"}}
[debug] [2026-04-29T13:11:24.237Z] [create-default-us-central1-syncAppointmentToCalendar] Retrying task index 0
[debug] [2026-04-29T13:11:24.238Z] Checked if tokens are valid: true, expires at: 1777471484785
[debug] [2026-04-29T13:11:24.238Z] Checked if tokens are valid: true, expires at: 1777471484785
[debug] [2026-04-29T13:11:24.238Z] >>> [apiv2][query] GET https://cloudfunctions.googleapis.com/v1/operations/cHJvamVjdHMvbGF1cmFmbG9yZXMtMTAzNjAvbG9jYXRpb25zL3VzLWNlbnRyYWwxL29wZXJhdGlvbnMvb3BlcmF0aW9uLTE3Nzc0NjgyMjAxMTYtNjUwOTkxMWRjMGQwMS1lYWY4ZGQ5Ny04NjcyYmExMA [none]
[debug] [2026-04-29T13:11:24.988Z] <<< [apiv2][status] GET https://cloudfunctions.googleapis.com/v1/operations/cHJvamVjdHMvbGF1cmFmbG9yZXMtMTAzNjAvbG9jYXRpb25zL3VzLWNlbnRyYWwxL29wZXJhdGlvbnMvb3BlcmF0aW9uLTE3Nzc0NjgyMjAxMTYtNjUwOTkxMWRjMGQwMS1lYWY4ZGQ5Ny04NjcyYmExMA 200
[debug] [2026-04-29T13:11:24.988Z] <<< [apiv2][body] GET https://cloudfunctions.googleapis.com/v1/operations/cHJvamVjdHMvbGF1cmFmbG9yZXMtMTAzNjAvbG9jYXRpb25zL3VzLWNlbnRyYWwxL29wZXJhdGlvbnMvb3BlcmF0aW9uLTE3Nzc0NjgyMjAxMTYtNjUwOTkxMWRjMGQwMS1lYWY4ZGQ5Ny04NjcyYmExMA {"name":"operations/cHJvamVjdHMvbGF1cmFmbG9yZXMtMTAzNjAvbG9jYXRpb25zL3VzLWNlbnRyYWwxL29wZXJhdGlvbnMvb3BlcmF0aW9uLTE3Nzc0NjgyMjAxMTYtNjUwOTkxMWRjMGQwMS1lYWY4ZGQ5Ny04NjcyYmExMA","metadata":{"@type":"type.googleapis.com/google.cloud.functions.v1.OperationMetadataV1","target":"projects/lauraflores-10360/locations/us-central1/functions/syncAppointmentToCalendar","type":"CREATE_FUNCTION","request":{"@type":"type.googleapis.com/google.cloud.functions.v1.CloudFunction","name":"projects/lauraflores-10360/locations/us-central1/functions/syncAppointmentToCalendar","eventTrigger":{"eventType":"providers/cloud.firestore/eventTypes/document.create","resource":"projects/lauraflores-10360/databases/(default)/documents/appointments/{appointmentId}","failurePolicy":{}},"entryPoint":"syncAppointmentToCalendar","updateTime":"1970-01-01T00:00:00Z","labels":{"deployment-tool":"cli-firebase","firebase-functions-hash":"c0384a50754c871d2d3b6d3eb706614bf744668b"},"sourceUploadUrl":"https://storage.googleapis.com/uploads-526749953630.us-central1.cloudfunctions.appspot.com/fb5498ed-9280-43b9-95f9-053e93472f53.zip?GoogleAccessId=service-1043899124552@gcf-admin-robot.iam.gserviceaccount.com&Expires=1777470018&Signature=UL5gys1qWukOwSWw85zSMpPUYJAgH%2Ba5s8EFFh2tw%2B9c2RNhVmdAm3%2BAfomln6d6N9H2iZG3brhHCzNOr1vI3UtOvb7hdqwhQ0OAmyVuNnDk0TFYvNm5ACttdp5anMjc8Igd3O69fMQTEzJin0dBJ8L6kgRNV%2F2LvPKbdaJWtfFoKsO%2BiRfA9YoDM%2FwOdcyl5kJSboP88kb0Xsk4W%2FW43JN0e1Ju%2BhOdMhxsxVUNWTpwgAAV8n8FCVnagYMfnCI%2BMq199w2LcfINBjhHKxXsOhwfKE9fvnxw7%2BzapL7MNOzbMv4yg9G4WUDhq1GeezXz4JjtNPaG3mmnFV0RY2u%2B%2Fw%3D%3D","environmentVariables":{"FIREBASE_CONFIG":"{\"projectId\":\"lauraflores-10360\",\"storageBucket\":\"lauraflores-10360.firebasestorage.app\"}","GCLOUD_PROJECT":"lauraflores-10360","EVENTARC_CLOUD_EVENT_SOURCE":"projects/lauraflores-10360/locations/us-central1/functions/syncAppointmentToCalendar"},"runtime":"nodejs20","buildEnvironmentVariables":{"GOOGLE_NODE_RUN_SCRIPTS":""},"dockerRegistry":"ARTIFACT_REGISTRY"},"versionId":"1","updateTime":"2026-04-29T13:10:20.548861899Z","buildId":"862f1ef0-1093-4517-80a9-0cdfc6e0f145","buildName":"projects/1043899124552/locations/us-central1/builds/862f1ef0-1093-4517-80a9-0cdfc6e0f145"}}
[debug] [2026-04-29T13:11:35.000Z] [create-default-us-central1-syncAppointmentToCalendar] Retrying task index 0
[debug] [2026-04-29T13:11:35.000Z] Checked if tokens are valid: true, expires at: 1777471484785
[debug] [2026-04-29T13:11:35.000Z] Checked if tokens are valid: true, expires at: 1777471484785
[debug] [2026-04-29T13:11:35.000Z] >>> [apiv2][query] GET https://cloudfunctions.googleapis.com/v1/operations/cHJvamVjdHMvbGF1cmFmbG9yZXMtMTAzNjAvbG9jYXRpb25zL3VzLWNlbnRyYWwxL29wZXJhdGlvbnMvb3BlcmF0aW9uLTE3Nzc0NjgyMjAxMTYtNjUwOTkxMWRjMGQwMS1lYWY4ZGQ5Ny04NjcyYmExMA [none]
[debug] [2026-04-29T13:11:36.277Z] <<< [apiv2][status] GET https://cloudfunctions.googleapis.com/v1/operations/cHJvamVjdHMvbGF1cmFmbG9yZXMtMTAzNjAvbG9jYXRpb25zL3VzLWNlbnRyYWwxL29wZXJhdGlvbnMvb3BlcmF0aW9uLTE3Nzc0NjgyMjAxMTYtNjUwOTkxMWRjMGQwMS1lYWY4ZGQ5Ny04NjcyYmExMA 200
[debug] [2026-04-29T13:11:36.277Z] <<< [apiv2][body] GET https://cloudfunctions.googleapis.com/v1/operations/cHJvamVjdHMvbGF1cmFmbG9yZXMtMTAzNjAvbG9jYXRpb25zL3VzLWNlbnRyYWwxL29wZXJhdGlvbnMvb3BlcmF0aW9uLTE3Nzc0NjgyMjAxMTYtNjUwOTkxMWRjMGQwMS1lYWY4ZGQ5Ny04NjcyYmExMA {"name":"operations/cHJvamVjdHMvbGF1cmFmbG9yZXMtMTAzNjAvbG9jYXRpb25zL3VzLWNlbnRyYWwxL29wZXJhdGlvbnMvb3BlcmF0aW9uLTE3Nzc0NjgyMjAxMTYtNjUwOTkxMWRjMGQwMS1lYWY4ZGQ5Ny04NjcyYmExMA","metadata":{"@type":"type.googleapis.com/google.cloud.functions.v1.OperationMetadataV1","target":"projects/lauraflores-10360/locations/us-central1/functions/syncAppointmentToCalendar","type":"CREATE_FUNCTION","request":{"@type":"type.googleapis.com/google.cloud.functions.v1.CloudFunction","name":"projects/lauraflores-10360/locations/us-central1/functions/syncAppointmentToCalendar","eventTrigger":{"eventType":"providers/cloud.firestore/eventTypes/document.create","resource":"projects/lauraflores-10360/databases/(default)/documents/appointments/{appointmentId}","failurePolicy":{}},"entryPoint":"syncAppointmentToCalendar","updateTime":"1970-01-01T00:00:00Z","labels":{"deployment-tool":"cli-firebase","firebase-functions-hash":"c0384a50754c871d2d3b6d3eb706614bf744668b"},"sourceUploadUrl":"https://storage.googleapis.com/uploads-526749953630.us-central1.cloudfunctions.appspot.com/fb5498ed-9280-43b9-95f9-053e93472f53.zip?GoogleAccessId=service-1043899124552@gcf-admin-robot.iam.gserviceaccount.com&Expires=1777470018&Signature=UL5gys1qWukOwSWw85zSMpPUYJAgH%2Ba5s8EFFh2tw%2B9c2RNhVmdAm3%2BAfomln6d6N9H2iZG3brhHCzNOr1vI3UtOvb7hdqwhQ0OAmyVuNnDk0TFYvNm5ACttdp5anMjc8Igd3O69fMQTEzJin0dBJ8L6kgRNV%2F2LvPKbdaJWtfFoKsO%2BiRfA9YoDM%2FwOdcyl5kJSboP88kb0Xsk4W%2FW43JN0e1Ju%2BhOdMhxsxVUNWTpwgAAV8n8FCVnagYMfnCI%2BMq199w2LcfINBjhHKxXsOhwfKE9fvnxw7%2BzapL7MNOzbMv4yg9G4WUDhq1GeezXz4JjtNPaG3mmnFV0RY2u%2B%2Fw%3D%3D","environmentVariables":{"FIREBASE_CONFIG":"{\"projectId\":\"lauraflores-10360\",\"storageBucket\":\"lauraflores-10360.firebasestorage.app\"}","GCLOUD_PROJECT":"lauraflores-10360","EVENTARC_CLOUD_EVENT_SOURCE":"projects/lauraflores-10360/locations/us-central1/functions/syncAppointmentToCalendar"},"runtime":"nodejs20","buildEnvironmentVariables":{"GOOGLE_NODE_RUN_SCRIPTS":""},"dockerRegistry":"ARTIFACT_REGISTRY"},"versionId":"1","updateTime":"2026-04-29T13:10:20.548861899Z","buildId":"862f1ef0-1093-4517-80a9-0cdfc6e0f145","sourceToken":"194ada2e-e2fa-4e66-ba22-e68612eb3bcd","buildName":"projects/1043899124552/locations/us-central1/builds/862f1ef0-1093-4517-80a9-0cdfc6e0f145"}}
[debug] [2026-04-29T13:11:36.277Z] Got source token 194ada2e-e2fa-4e66-ba22-e68612eb3bcd for region us-central1
[debug] [2026-04-29T13:11:46.293Z] [create-default-us-central1-syncAppointmentToCalendar] Retrying task index 0
[debug] [2026-04-29T13:11:46.293Z] Checked if tokens are valid: true, expires at: 1777471484785
[debug] [2026-04-29T13:11:46.293Z] Checked if tokens are valid: true, expires at: 1777471484785
[debug] [2026-04-29T13:11:46.293Z] >>> [apiv2][query] GET https://cloudfunctions.googleapis.com/v1/operations/cHJvamVjdHMvbGF1cmFmbG9yZXMtMTAzNjAvbG9jYXRpb25zL3VzLWNlbnRyYWwxL29wZXJhdGlvbnMvb3BlcmF0aW9uLTE3Nzc0NjgyMjAxMTYtNjUwOTkxMWRjMGQwMS1lYWY4ZGQ5Ny04NjcyYmExMA [none]
[debug] [2026-04-29T13:11:47.039Z] <<< [apiv2][status] GET https://cloudfunctions.googleapis.com/v1/operations/cHJvamVjdHMvbGF1cmFmbG9yZXMtMTAzNjAvbG9jYXRpb25zL3VzLWNlbnRyYWwxL29wZXJhdGlvbnMvb3BlcmF0aW9uLTE3Nzc0NjgyMjAxMTYtNjUwOTkxMWRjMGQwMS1lYWY4ZGQ5Ny04NjcyYmExMA 200
[debug] [2026-04-29T13:11:47.040Z] <<< [apiv2][body] GET https://cloudfunctions.googleapis.com/v1/operations/cHJvamVjdHMvbGF1cmFmbG9yZXMtMTAzNjAvbG9jYXRpb25zL3VzLWNlbnRyYWwxL29wZXJhdGlvbnMvb3BlcmF0aW9uLTE3Nzc0NjgyMjAxMTYtNjUwOTkxMWRjMGQwMS1lYWY4ZGQ5Ny04NjcyYmExMA {"name":"operations/cHJvamVjdHMvbGF1cmFmbG9yZXMtMTAzNjAvbG9jYXRpb25zL3VzLWNlbnRyYWwxL29wZXJhdGlvbnMvb3BlcmF0aW9uLTE3Nzc0NjgyMjAxMTYtNjUwOTkxMWRjMGQwMS1lYWY4ZGQ5Ny04NjcyYmExMA","metadata":{"@type":"type.googleapis.com/google.cloud.functions.v1.OperationMetadataV1","target":"projects/lauraflores-10360/locations/us-central1/functions/syncAppointmentToCalendar","type":"CREATE_FUNCTION","request":{"@type":"type.googleapis.com/google.cloud.functions.v1.CloudFunction","name":"projects/lauraflores-10360/locations/us-central1/functions/syncAppointmentToCalendar","eventTrigger":{"eventType":"providers/cloud.firestore/eventTypes/document.create","resource":"projects/lauraflores-10360/databases/(default)/documents/appointments/{appointmentId}","failurePolicy":{}},"entryPoint":"syncAppointmentToCalendar","updateTime":"1970-01-01T00:00:00Z","labels":{"deployment-tool":"cli-firebase","firebase-functions-hash":"c0384a50754c871d2d3b6d3eb706614bf744668b"},"sourceUploadUrl":"https://storage.googleapis.com/uploads-526749953630.us-central1.cloudfunctions.appspot.com/fb5498ed-9280-43b9-95f9-053e93472f53.zip?GoogleAccessId=service-1043899124552@gcf-admin-robot.iam.gserviceaccount.com&Expires=1777470018&Signature=UL5gys1qWukOwSWw85zSMpPUYJAgH%2Ba5s8EFFh2tw%2B9c2RNhVmdAm3%2BAfomln6d6N9H2iZG3brhHCzNOr1vI3UtOvb7hdqwhQ0OAmyVuNnDk0TFYvNm5ACttdp5anMjc8Igd3O69fMQTEzJin0dBJ8L6kgRNV%2F2LvPKbdaJWtfFoKsO%2BiRfA9YoDM%2FwOdcyl5kJSboP88kb0Xsk4W%2FW43JN0e1Ju%2BhOdMhxsxVUNWTpwgAAV8n8FCVnagYMfnCI%2BMq199w2LcfINBjhHKxXsOhwfKE9fvnxw7%2BzapL7MNOzbMv4yg9G4WUDhq1GeezXz4JjtNPaG3mmnFV0RY2u%2B%2Fw%3D%3D","environmentVariables":{"FIREBASE_CONFIG":"{\"projectId\":\"lauraflores-10360\",\"storageBucket\":\"lauraflores-10360.firebasestorage.app\"}","GCLOUD_PROJECT":"lauraflores-10360","EVENTARC_CLOUD_EVENT_SOURCE":"projects/lauraflores-10360/locations/us-central1/functions/syncAppointmentToCalendar"},"runtime":"nodejs20","buildEnvironmentVariables":{"GOOGLE_NODE_RUN_SCRIPTS":""},"dockerRegistry":"ARTIFACT_REGISTRY"},"versionId":"1","updateTime":"2026-04-29T13:10:20.548861899Z","buildId":"862f1ef0-1093-4517-80a9-0cdfc6e0f145","sourceToken":"194ada2e-e2fa-4e66-ba22-e68612eb3bcd","buildName":"projects/1043899124552/locations/us-central1/builds/862f1ef0-1093-4517-80a9-0cdfc6e0f145"}}
[debug] [2026-04-29T13:11:47.040Z] Got source token 194ada2e-e2fa-4e66-ba22-e68612eb3bcd for region us-central1
[debug] [2026-04-29T13:11:57.044Z] [create-default-us-central1-syncAppointmentToCalendar] Retrying task index 0
[debug] [2026-04-29T13:11:57.045Z] Checked if tokens are valid: true, expires at: 1777471484785
[debug] [2026-04-29T13:11:57.045Z] Checked if tokens are valid: true, expires at: 1777471484785
[debug] [2026-04-29T13:11:57.045Z] >>> [apiv2][query] GET https://cloudfunctions.googleapis.com/v1/operations/cHJvamVjdHMvbGF1cmFmbG9yZXMtMTAzNjAvbG9jYXRpb25zL3VzLWNlbnRyYWwxL29wZXJhdGlvbnMvb3BlcmF0aW9uLTE3Nzc0NjgyMjAxMTYtNjUwOTkxMWRjMGQwMS1lYWY4ZGQ5Ny04NjcyYmExMA [none]
[debug] [2026-04-29T13:11:58.245Z] <<< [apiv2][status] GET https://cloudfunctions.googleapis.com/v1/operations/cHJvamVjdHMvbGF1cmFmbG9yZXMtMTAzNjAvbG9jYXRpb25zL3VzLWNlbnRyYWwxL29wZXJhdGlvbnMvb3BlcmF0aW9uLTE3Nzc0NjgyMjAxMTYtNjUwOTkxMWRjMGQwMS1lYWY4ZGQ5Ny04NjcyYmExMA 200
[debug] [2026-04-29T13:11:58.245Z] <<< [apiv2][body] GET https://cloudfunctions.googleapis.com/v1/operations/cHJvamVjdHMvbGF1cmFmbG9yZXMtMTAzNjAvbG9jYXRpb25zL3VzLWNlbnRyYWwxL29wZXJhdGlvbnMvb3BlcmF0aW9uLTE3Nzc0NjgyMjAxMTYtNjUwOTkxMWRjMGQwMS1lYWY4ZGQ5Ny04NjcyYmExMA {"name":"operations/cHJvamVjdHMvbGF1cmFmbG9yZXMtMTAzNjAvbG9jYXRpb25zL3VzLWNlbnRyYWwxL29wZXJhdGlvbnMvb3BlcmF0aW9uLTE3Nzc0NjgyMjAxMTYtNjUwOTkxMWRjMGQwMS1lYWY4ZGQ5Ny04NjcyYmExMA","metadata":{"@type":"type.googleapis.com/google.cloud.functions.v1.OperationMetadataV1","target":"projects/lauraflores-10360/locations/us-central1/functions/syncAppointmentToCalendar","type":"CREATE_FUNCTION","request":{"@type":"type.googleapis.com/google.cloud.functions.v1.CloudFunction","name":"projects/lauraflores-10360/locations/us-central1/functions/syncAppointmentToCalendar","eventTrigger":{"eventType":"providers/cloud.firestore/eventTypes/document.create","resource":"projects/lauraflores-10360/databases/(default)/documents/appointments/{appointmentId}","failurePolicy":{}},"entryPoint":"syncAppointmentToCalendar","updateTime":"1970-01-01T00:00:00Z","labels":{"deployment-tool":"cli-firebase","firebase-functions-hash":"c0384a50754c871d2d3b6d3eb706614bf744668b"},"sourceUploadUrl":"https://storage.googleapis.com/uploads-526749953630.us-central1.cloudfunctions.appspot.com/fb5498ed-9280-43b9-95f9-053e93472f53.zip?GoogleAccessId=service-1043899124552@gcf-admin-robot.iam.gserviceaccount.com&Expires=1777470018&Signature=UL5gys1qWukOwSWw85zSMpPUYJAgH%2Ba5s8EFFh2tw%2B9c2RNhVmdAm3%2BAfomln6d6N9H2iZG3brhHCzNOr1vI3UtOvb7hdqwhQ0OAmyVuNnDk0TFYvNm5ACttdp5anMjc8Igd3O69fMQTEzJin0dBJ8L6kgRNV%2F2LvPKbdaJWtfFoKsO%2BiRfA9YoDM%2FwOdcyl5kJSboP88kb0Xsk4W%2FW43JN0e1Ju%2BhOdMhxsxVUNWTpwgAAV8n8FCVnagYMfnCI%2BMq199w2LcfINBjhHKxXsOhwfKE9fvnxw7%2BzapL7MNOzbMv4yg9G4WUDhq1GeezXz4JjtNPaG3mmnFV0RY2u%2B%2Fw%3D%3D","environmentVariables":{"FIREBASE_CONFIG":"{\"projectId\":\"lauraflores-10360\",\"storageBucket\":\"lauraflores-10360.firebasestorage.app\"}","GCLOUD_PROJECT":"lauraflores-10360","EVENTARC_CLOUD_EVENT_SOURCE":"projects/lauraflores-10360/locations/us-central1/functions/syncAppointmentToCalendar"},"runtime":"nodejs20","buildEnvironmentVariables":{"GOOGLE_NODE_RUN_SCRIPTS":""},"dockerRegistry":"ARTIFACT_REGISTRY"},"versionId":"1","updateTime":"2026-04-29T13:10:20.548861899Z","buildId":"862f1ef0-1093-4517-80a9-0cdfc6e0f145","sourceToken":"194ada2e-e2fa-4e66-ba22-e68612eb3bcd","buildName":"projects/1043899124552/locations/us-central1/builds/862f1ef0-1093-4517-80a9-0cdfc6e0f145"}}
[debug] [2026-04-29T13:11:58.245Z] Got source token 194ada2e-e2fa-4e66-ba22-e68612eb3bcd for region us-central1
[debug] [2026-04-29T13:12:08.246Z] [create-default-us-central1-syncAppointmentToCalendar] Retrying task index 0
[debug] [2026-04-29T13:12:08.246Z] Checked if tokens are valid: true, expires at: 1777471484785
[debug] [2026-04-29T13:12:08.246Z] Checked if tokens are valid: true, expires at: 1777471484785
[debug] [2026-04-29T13:12:08.246Z] >>> [apiv2][query] GET https://cloudfunctions.googleapis.com/v1/operations/cHJvamVjdHMvbGF1cmFmbG9yZXMtMTAzNjAvbG9jYXRpb25zL3VzLWNlbnRyYWwxL29wZXJhdGlvbnMvb3BlcmF0aW9uLTE3Nzc0NjgyMjAxMTYtNjUwOTkxMWRjMGQwMS1lYWY4ZGQ5Ny04NjcyYmExMA [none]
[debug] [2026-04-29T13:12:08.894Z] <<< [apiv2][status] GET https://cloudfunctions.googleapis.com/v1/operations/cHJvamVjdHMvbGF1cmFmbG9yZXMtMTAzNjAvbG9jYXRpb25zL3VzLWNlbnRyYWwxL29wZXJhdGlvbnMvb3BlcmF0aW9uLTE3Nzc0NjgyMjAxMTYtNjUwOTkxMWRjMGQwMS1lYWY4ZGQ5Ny04NjcyYmExMA 200
[debug] [2026-04-29T13:12:08.895Z] <<< [apiv2][body] GET https://cloudfunctions.googleapis.com/v1/operations/cHJvamVjdHMvbGF1cmFmbG9yZXMtMTAzNjAvbG9jYXRpb25zL3VzLWNlbnRyYWwxL29wZXJhdGlvbnMvb3BlcmF0aW9uLTE3Nzc0NjgyMjAxMTYtNjUwOTkxMWRjMGQwMS1lYWY4ZGQ5Ny04NjcyYmExMA {"name":"operations/cHJvamVjdHMvbGF1cmFmbG9yZXMtMTAzNjAvbG9jYXRpb25zL3VzLWNlbnRyYWwxL29wZXJhdGlvbnMvb3BlcmF0aW9uLTE3Nzc0NjgyMjAxMTYtNjUwOTkxMWRjMGQwMS1lYWY4ZGQ5Ny04NjcyYmExMA","metadata":{"@type":"type.googleapis.com/google.cloud.functions.v1.OperationMetadataV1","target":"projects/lauraflores-10360/locations/us-central1/functions/syncAppointmentToCalendar","type":"CREATE_FUNCTION","request":{"@type":"type.googleapis.com/google.cloud.functions.v1.CloudFunction","name":"projects/lauraflores-10360/locations/us-central1/functions/syncAppointmentToCalendar","eventTrigger":{"eventType":"providers/cloud.firestore/eventTypes/document.create","resource":"projects/lauraflores-10360/databases/(default)/documents/appointments/{appointmentId}","failurePolicy":{}},"entryPoint":"syncAppointmentToCalendar","updateTime":"1970-01-01T00:00:00Z","labels":{"deployment-tool":"cli-firebase","firebase-functions-hash":"c0384a50754c871d2d3b6d3eb706614bf744668b"},"sourceUploadUrl":"https://storage.googleapis.com/uploads-526749953630.us-central1.cloudfunctions.appspot.com/fb5498ed-9280-43b9-95f9-053e93472f53.zip?GoogleAccessId=service-1043899124552@gcf-admin-robot.iam.gserviceaccount.com&Expires=1777470018&Signature=UL5gys1qWukOwSWw85zSMpPUYJAgH%2Ba5s8EFFh2tw%2B9c2RNhVmdAm3%2BAfomln6d6N9H2iZG3brhHCzNOr1vI3UtOvb7hdqwhQ0OAmyVuNnDk0TFYvNm5ACttdp5anMjc8Igd3O69fMQTEzJin0dBJ8L6kgRNV%2F2LvPKbdaJWtfFoKsO%2BiRfA9YoDM%2FwOdcyl5kJSboP88kb0Xsk4W%2FW43JN0e1Ju%2BhOdMhxsxVUNWTpwgAAV8n8FCVnagYMfnCI%2BMq199w2LcfINBjhHKxXsOhwfKE9fvnxw7%2BzapL7MNOzbMv4yg9G4WUDhq1GeezXz4JjtNPaG3mmnFV0RY2u%2B%2Fw%3D%3D","environmentVariables":{"FIREBASE_CONFIG":"{\"projectId\":\"lauraflores-10360\",\"storageBucket\":\"lauraflores-10360.firebasestorage.app\"}","GCLOUD_PROJECT":"lauraflores-10360","EVENTARC_CLOUD_EVENT_SOURCE":"projects/lauraflores-10360/locations/us-central1/functions/syncAppointmentToCalendar"},"runtime":"nodejs20","buildEnvironmentVariables":{"GOOGLE_NODE_RUN_SCRIPTS":""},"dockerRegistry":"ARTIFACT_REGISTRY"},"versionId":"1","updateTime":"2026-04-29T13:12:04.770705548Z","buildId":"862f1ef0-1093-4517-80a9-0cdfc6e0f145","sourceToken":"194ada2e-e2fa-4e66-ba22-e68612eb3bcd","buildName":"projects/1043899124552/locations/us-central1/builds/862f1ef0-1093-4517-80a9-0cdfc6e0f145"},"done":true,"response":{"@type":"type.googleapis.com/google.cloud.functions.v1.CloudFunction","name":"projects/lauraflores-10360/locations/us-central1/functions/syncAppointmentToCalendar","eventTrigger":{"eventType":"providers/cloud.firestore/eventTypes/document.create","resource":"projects/lauraflores-10360/databases/(default)/documents/appointments/{appointmentId}","service":"firestore.googleapis.com","failurePolicy":{}},"status":"ACTIVE","entryPoint":"syncAppointmentToCalendar","timeout":"60s","availableMemoryMb":256,"serviceAccountEmail":"lauraflores-10360@appspot.gserviceaccount.com","updateTime":"2026-04-29T13:10:20.544821618Z","versionId":"1","labels":{"deployment-tool":"cli-firebase","firebase-functions-hash":"c0384a50754c871d2d3b6d3eb706614bf744668b"},"sourceUploadUrl":"https://storage.googleapis.com/uploads-526749953630.us-central1.cloudfunctions.appspot.com/fb5498ed-9280-43b9-95f9-053e93472f53.zip","environmentVariables":{"FIREBASE_CONFIG":"{\"projectId\":\"lauraflores-10360\",\"storageBucket\":\"lauraflores-10360.firebasestorage.app\"}","GCLOUD_PROJECT":"lauraflores-10360","EVENTARC_CLOUD_EVENT_SOURCE":"projects/lauraflores-10360/locations/us-central1/functions/syncAppointmentToCalendar"},"runtime":"nodejs20","maxInstances":3000,"ingressSettings":"ALLOW_ALL","buildId":"862f1ef0-1093-4517-80a9-0cdfc6e0f145","buildEnvironmentVariables":{"GOOGLE_NODE_RUN_SCRIPTS":""},"buildName":"projects/1043899124552/locations/us-central1/builds/862f1ef0-1093-4517-80a9-0cdfc6e0f145","dockerRegistry":"ARTIFACT_REGISTRY","automaticUpdatePolicy":{},"buildServiceAccount":"projects/lauraflores-10360/serviceAccounts/1043899124552-compute@developer.gserviceaccount.com","satisfiesPzi":true}}
[debug] [2026-04-29T13:12:08.896Z] Got source token 194ada2e-e2fa-4e66-ba22-e68612eb3bcd for region us-central1
[info] +  functions[syncAppointmentToCalendar(us-central1)] Successful create operation. 
[debug] [2026-04-29T13:12:08.899Z] Total Function Deployment time: 109315
[debug] [2026-04-29T13:12:08.899Z] 1 Functions Deployed
[debug] [2026-04-29T13:12:08.899Z] 0 Functions Errored
[debug] [2026-04-29T13:12:08.899Z] 0 Function Deployments Aborted
[debug] [2026-04-29T13:12:08.899Z] Average Function Deployment time: 109315
[debug] [2026-04-29T13:12:09.089Z] Checked if tokens are valid: true, expires at: 1777471484785
[debug] [2026-04-29T13:12:09.089Z] Checked if tokens are valid: true, expires at: 1777471484785
[debug] [2026-04-29T13:12:09.089Z] >>> [apiv2][query] GET https://artifactregistry.googleapis.com/v1/projects/lauraflores-10360/locations/us-central1/repositories/gcf-artifacts [none]
[debug] [2026-04-29T13:12:10.203Z] <<< [apiv2][status] GET https://artifactregistry.googleapis.com/v1/projects/lauraflores-10360/locations/us-central1/repositories/gcf-artifacts 200
[debug] [2026-04-29T13:12:10.204Z] <<< [apiv2][body] GET https://artifactregistry.googleapis.com/v1/projects/lauraflores-10360/locations/us-central1/repositories/gcf-artifacts {"name":"projects/lauraflores-10360/locations/us-central1/repositories/gcf-artifacts","format":"DOCKER","description":"This repository is created and used by Cloud Functions for storing function docker images.","labels":{"goog-managed-by":"cloudfunctions"},"createTime":"2026-04-29T13:10:36.550251Z","updateTime":"2026-04-29T13:11:34.132662Z","mode":"STANDARD_REPOSITORY","sizeBytes":"540271390","vulnerabilityScanningConfig":{"lastEnableTime":"2026-04-29T13:10:22.194781336Z","enablementState":"SCANNING_DISABLED","enablementStateReason":"API containerscanning.googleapis.com is not enabled."},"satisfiesPzi":true,"registryUri":"us-central1-docker.pkg.dev/lauraflores-10360/gcf-artifacts"}
[warn] !  functions: No cleanup policy detected for repositories in us-central1. This may result in a small monthly bill as container images accumulate over time. 
[error] 
[error] Error: Functions successfully deployed but could not set up cleanup policy in location us-central1. Pass the --force option to automatically set up a cleanup policy or run 'firebase functions:artifacts:setpolicy' to manually set up a cleanup policy.
